[24-Dec-2022 09:26:23 Etc/UTC] PHP Warning:  Illegal string offset 'username' in /home/manumbuh/domains/tbglivery.ga/public_html/user/app/controllers/IndexController.php on line 85
[24-Dec-2022 09:26:23 Etc/UTC] PHP Warning:  Illegal string offset 'password' in /home/manumbuh/domains/tbglivery.ga/public_html/user/app/controllers/IndexController.php on line 86
[24-Dec-2022 09:26:39 Etc/UTC] PHP Warning:  Illegal string offset 'username' in /home/manumbuh/domains/tbglivery.ga/public_html/user/app/controllers/IndexController.php on line 85
[24-Dec-2022 09:26:39 Etc/UTC] PHP Warning:  Illegal string offset 'password' in /home/manumbuh/domains/tbglivery.ga/public_html/user/app/controllers/IndexController.php on line 86
[24-Dec-2022 09:26:54 Etc/UTC] PHP Warning:  Illegal string offset 'username' in /home/manumbuh/domains/tbglivery.ga/public_html/user/app/controllers/IndexController.php on line 85
[24-Dec-2022 09:26:54 Etc/UTC] PHP Warning:  Illegal string offset 'password' in /home/manumbuh/domains/tbglivery.ga/public_html/user/app/controllers/IndexController.php on line 86
[31-Dec-2022 13:16:03 Etc/UTC] PHP Warning:  Illegal string offset 'username' in /home/manumbuh/domains/tbglivery.ga/public_html/user/app/controllers/IndexController.php on line 85
[31-Dec-2022 13:16:03 Etc/UTC] PHP Warning:  Illegal string offset 'password' in /home/manumbuh/domains/tbglivery.ga/public_html/user/app/controllers/IndexController.php on line 86
[04-Jan-2023 13:19:48 Etc/UTC] PHP Warning:  Illegal string offset 'username' in /home/manumbuh/domains/tbglivery.ga/public_html/user/app/controllers/IndexController.php on line 85
[04-Jan-2023 13:19:48 Etc/UTC] PHP Warning:  Illegal string offset 'password' in /home/manumbuh/domains/tbglivery.ga/public_html/user/app/controllers/IndexController.php on line 86
[04-Jan-2023 13:20:19 Etc/UTC] PHP Warning:  Illegal string offset 'username' in /home/manumbuh/domains/tbglivery.ga/public_html/user/app/controllers/IndexController.php on line 85
[04-Jan-2023 13:20:19 Etc/UTC] PHP Warning:  Illegal string offset 'password' in /home/manumbuh/domains/tbglivery.ga/public_html/user/app/controllers/IndexController.php on line 86
[04-Jan-2023 13:21:03 Etc/UTC] PHP Warning:  Illegal string offset 'username' in /home/manumbuh/domains/tbglivery.ga/public_html/user/app/controllers/IndexController.php on line 85
[04-Jan-2023 13:21:03 Etc/UTC] PHP Warning:  Illegal string offset 'password' in /home/manumbuh/domains/tbglivery.ga/public_html/user/app/controllers/IndexController.php on line 86
[06-Jan-2023 18:29:24 Etc/UTC] PHP Warning:  Illegal string offset 'username' in /home/manumbuh/domains/tbglivery.ga/public_html/user/app/controllers/IndexController.php on line 85
[06-Jan-2023 18:29:24 Etc/UTC] PHP Warning:  Illegal string offset 'password' in /home/manumbuh/domains/tbglivery.ga/public_html/user/app/controllers/IndexController.php on line 86
[07-Jan-2023 11:41:36 Etc/UTC] PHP Warning:  Illegal string offset 'username' in /home/manumbuh/domains/tbglivery.ga/public_html/user/app/controllers/IndexController.php on line 85
[07-Jan-2023 11:41:36 Etc/UTC] PHP Warning:  Illegal string offset 'password' in /home/manumbuh/domains/tbglivery.ga/public_html/user/app/controllers/IndexController.php on line 86
[07-Jan-2023 11:41:51 Etc/UTC] PHP Warning:  Illegal string offset 'username' in /home/manumbuh/domains/tbglivery.ga/public_html/user/app/controllers/IndexController.php on line 85
[07-Jan-2023 11:41:51 Etc/UTC] PHP Warning:  Illegal string offset 'password' in /home/manumbuh/domains/tbglivery.ga/public_html/user/app/controllers/IndexController.php on line 86
[07-Jan-2023 15:41:53 Etc/UTC] PHP Warning:  Illegal string offset 'username' in /home/manumbuh/domains/tbglivery.ga/public_html/user/app/controllers/IndexController.php on line 85
[07-Jan-2023 15:41:53 Etc/UTC] PHP Warning:  Illegal string offset 'password' in /home/manumbuh/domains/tbglivery.ga/public_html/user/app/controllers/IndexController.php on line 86
[16-Jan-2023 12:47:06 Etc/UTC] PHP Notice:  Trying to access array offset on value of type bool in /home/manumbuh/domains/tbglivery.ga/public_html/user/app/views/partials/livery/edit.php on line 45
[16-Jan-2023 12:47:06 Etc/UTC] PHP Notice:  Trying to access array offset on value of type bool in /home/manumbuh/domains/tbglivery.ga/public_html/user/app/views/partials/livery/edit.php on line 56
[16-Jan-2023 12:47:06 Etc/UTC] PHP Notice:  Trying to access array offset on value of type bool in /home/manumbuh/domains/tbglivery.ga/public_html/user/app/views/partials/livery/edit.php on line 56
[16-Jan-2023 12:47:06 Etc/UTC] PHP Notice:  Trying to access array offset on value of type bool in /home/manumbuh/domains/tbglivery.ga/public_html/user/app/views/partials/livery/edit.php on line 75
[16-Jan-2023 12:47:06 Etc/UTC] PHP Notice:  Trying to access array offset on value of type bool in /home/manumbuh/domains/tbglivery.ga/public_html/user/app/views/partials/livery/edit.php on line 80
[16-Jan-2023 12:47:06 Etc/UTC] PHP Notice:  Trying to access array offset on value of type bool in /home/manumbuh/domains/tbglivery.ga/public_html/user/app/views/partials/livery/edit.php on line 83
[16-Jan-2023 12:47:06 Etc/UTC] PHP Notice:  Trying to access array offset on value of type bool in /home/manumbuh/domains/tbglivery.ga/public_html/user/app/views/partials/livery/edit.php on line 85
[16-Jan-2023 12:47:06 Etc/UTC] PHP Notice:  Trying to access array offset on value of type bool in /home/manumbuh/domains/tbglivery.ga/public_html/user/app/views/partials/livery/edit.php on line 87
[16-Jan-2023 12:47:06 Etc/UTC] PHP Notice:  Trying to access array offset on value of type bool in /home/manumbuh/domains/tbglivery.ga/public_html/user/app/views/partials/livery/edit.php on line 90
[24-Jan-2023 22:42:25 Etc/UTC] PHP Warning:  Illegal string offset 'username' in /home/manumbuh/domains/tbglivery.ga/public_html/user/app/controllers/IndexController.php on line 85
[24-Jan-2023 22:42:25 Etc/UTC] PHP Warning:  Illegal string offset 'password' in /home/manumbuh/domains/tbglivery.ga/public_html/user/app/controllers/IndexController.php on line 86
[07-Feb-2023 19:04:35 Etc/UTC] PHP Warning:  Illegal string offset 'username' in /home/manumbuh/domains/tbglivery.ga/public_html/user/app/controllers/IndexController.php on line 85
[07-Feb-2023 19:04:35 Etc/UTC] PHP Warning:  Illegal string offset 'password' in /home/manumbuh/domains/tbglivery.ga/public_html/user/app/controllers/IndexController.php on line 86
[12-Feb-2023 20:50:00 Etc/UTC] PHP Warning:  Illegal string offset 'username' in /home/manumbuh/domains/tbglivery.ga/public_html/user/app/controllers/IndexController.php on line 85
[12-Feb-2023 20:50:00 Etc/UTC] PHP Warning:  Illegal string offset 'password' in /home/manumbuh/domains/tbglivery.ga/public_html/user/app/controllers/IndexController.php on line 86
[14-Feb-2023 15:25:33 Etc/UTC] PHP Warning:  Illegal string offset 'username' in /home/manumbuh/domains/tbglivery.ga/public_html/user/app/controllers/IndexController.php on line 85
[14-Feb-2023 15:25:33 Etc/UTC] PHP Warning:  Illegal string offset 'password' in /home/manumbuh/domains/tbglivery.ga/public_html/user/app/controllers/IndexController.php on line 86
[14-Feb-2023 15:25:47 Etc/UTC] PHP Warning:  Illegal string offset 'username' in /home/manumbuh/domains/tbglivery.ga/public_html/user/app/controllers/IndexController.php on line 85
[14-Feb-2023 15:25:47 Etc/UTC] PHP Warning:  Illegal string offset 'password' in /home/manumbuh/domains/tbglivery.ga/public_html/user/app/controllers/IndexController.php on line 86
[14-Feb-2023 15:38:25 Etc/UTC] PHP Warning:  Illegal string offset 'username' in /home/manumbuh/domains/tbglivery.ga/public_html/user/app/controllers/IndexController.php on line 85
[14-Feb-2023 15:38:25 Etc/UTC] PHP Warning:  Illegal string offset 'password' in /home/manumbuh/domains/tbglivery.ga/public_html/user/app/controllers/IndexController.php on line 86
[14-Feb-2023 15:39:13 Etc/UTC] PHP Warning:  Illegal string offset 'username' in /home/manumbuh/domains/tbglivery.ga/public_html/user/app/controllers/IndexController.php on line 85
[14-Feb-2023 15:39:13 Etc/UTC] PHP Warning:  Illegal string offset 'password' in /home/manumbuh/domains/tbglivery.ga/public_html/user/app/controllers/IndexController.php on line 86
[05-Mar-2023 04:31:43 Etc/UTC] PHP Warning:  Illegal string offset 'username' in /home/manumbuh/domains/tbglivery.ga/public_html/user/app/controllers/IndexController.php on line 85
[05-Mar-2023 04:31:43 Etc/UTC] PHP Warning:  Illegal string offset 'password' in /home/manumbuh/domains/tbglivery.ga/public_html/user/app/controllers/IndexController.php on line 86
[05-Mar-2023 04:33:22 Etc/UTC] PHP Warning:  Illegal string offset 'username' in /home/manumbuh/domains/tbglivery.ga/public_html/user/app/controllers/IndexController.php on line 85
[05-Mar-2023 04:33:22 Etc/UTC] PHP Warning:  Illegal string offset 'password' in /home/manumbuh/domains/tbglivery.ga/public_html/user/app/controllers/IndexController.php on line 86
[05-Mar-2023 04:34:19 Etc/UTC] PHP Warning:  Illegal string offset 'username' in /home/manumbuh/domains/tbglivery.ga/public_html/user/app/controllers/IndexController.php on line 85
[05-Mar-2023 04:34:19 Etc/UTC] PHP Warning:  Illegal string offset 'password' in /home/manumbuh/domains/tbglivery.ga/public_html/user/app/controllers/IndexController.php on line 86
[05-Mar-2023 04:34:55 Etc/UTC] PHP Warning:  Illegal string offset 'username' in /home/manumbuh/domains/tbglivery.ga/public_html/user/app/controllers/IndexController.php on line 85
[05-Mar-2023 04:34:55 Etc/UTC] PHP Warning:  Illegal string offset 'password' in /home/manumbuh/domains/tbglivery.ga/public_html/user/app/controllers/IndexController.php on line 86
[05-Mar-2023 04:35:19 Etc/UTC] PHP Warning:  Illegal string offset 'username' in /home/manumbuh/domains/tbglivery.ga/public_html/user/app/controllers/IndexController.php on line 85
[05-Mar-2023 04:35:19 Etc/UTC] PHP Warning:  Illegal string offset 'password' in /home/manumbuh/domains/tbglivery.ga/public_html/user/app/controllers/IndexController.php on line 86
[06-Mar-2023 11:31:35 Etc/UTC] PHP Warning:  Illegal string offset 'username' in /home/manumbuh/domains/tbglivery.ga/public_html/user/app/controllers/IndexController.php on line 85
[06-Mar-2023 11:31:35 Etc/UTC] PHP Warning:  Illegal string offset 'password' in /home/manumbuh/domains/tbglivery.ga/public_html/user/app/controllers/IndexController.php on line 86
[09-Mar-2023 16:42:56 Etc/UTC] PHP Warning:  Illegal string offset 'username' in /home/manumbuh/domains/tbglivery.ga/public_html/user/app/controllers/IndexController.php on line 85
[09-Mar-2023 16:42:56 Etc/UTC] PHP Warning:  Illegal string offset 'password' in /home/manumbuh/domains/tbglivery.ga/public_html/user/app/controllers/IndexController.php on line 86
[09-Mar-2023 16:43:42 Etc/UTC] PHP Warning:  Illegal string offset 'username' in /home/manumbuh/domains/tbglivery.ga/public_html/user/app/controllers/IndexController.php on line 85
[09-Mar-2023 16:43:42 Etc/UTC] PHP Warning:  Illegal string offset 'password' in /home/manumbuh/domains/tbglivery.ga/public_html/user/app/controllers/IndexController.php on line 86
[09-Mar-2023 16:44:44 Etc/UTC] PHP Warning:  Illegal string offset 'username' in /home/manumbuh/domains/tbglivery.ga/public_html/user/app/controllers/IndexController.php on line 85
[09-Mar-2023 16:44:44 Etc/UTC] PHP Warning:  Illegal string offset 'password' in /home/manumbuh/domains/tbglivery.ga/public_html/user/app/controllers/IndexController.php on line 86
[09-Mar-2023 16:45:01 Etc/UTC] PHP Warning:  Illegal string offset 'username' in /home/manumbuh/domains/tbglivery.ga/public_html/user/app/controllers/IndexController.php on line 85
[09-Mar-2023 16:45:01 Etc/UTC] PHP Warning:  Illegal string offset 'password' in /home/manumbuh/domains/tbglivery.ga/public_html/user/app/controllers/IndexController.php on line 86
[12-Mar-2023 12:07:42 Etc/UTC] PHP Warning:  Illegal string offset 'username' in /home/manumbuh/domains/tbglivery.ga/public_html/user/app/controllers/IndexController.php on line 85
[12-Mar-2023 12:07:42 Etc/UTC] PHP Warning:  Illegal string offset 'password' in /home/manumbuh/domains/tbglivery.ga/public_html/user/app/controllers/IndexController.php on line 86
[15-Mar-2023 10:14:19 Etc/UTC] PHP Warning:  Illegal string offset 'username' in /home/manumbuh/domains/tbglivery.ga/public_html/user/app/controllers/IndexController.php on line 85
[15-Mar-2023 10:14:19 Etc/UTC] PHP Warning:  Illegal string offset 'password' in /home/manumbuh/domains/tbglivery.ga/public_html/user/app/controllers/IndexController.php on line 86
[16-Mar-2023 12:16:33 Etc/UTC] PHP Warning:  Illegal string offset 'username' in /home/manumbuh/domains/tbglivery.ga/public_html/user/app/controllers/IndexController.php on line 85
[16-Mar-2023 12:16:33 Etc/UTC] PHP Warning:  Illegal string offset 'password' in /home/manumbuh/domains/tbglivery.ga/public_html/user/app/controllers/IndexController.php on line 86
[16-Mar-2023 15:35:59 Etc/UTC] PHP Warning:  Illegal string offset 'username' in /home/manumbuh/domains/tbglivery.ga/public_html/user/app/controllers/IndexController.php on line 85
[16-Mar-2023 15:35:59 Etc/UTC] PHP Warning:  Illegal string offset 'password' in /home/manumbuh/domains/tbglivery.ga/public_html/user/app/controllers/IndexController.php on line 86
[16-Mar-2023 15:36:29 Etc/UTC] PHP Warning:  Illegal string offset 'username' in /home/manumbuh/domains/tbglivery.ga/public_html/user/app/controllers/IndexController.php on line 85
[16-Mar-2023 15:36:29 Etc/UTC] PHP Warning:  Illegal string offset 'password' in /home/manumbuh/domains/tbglivery.ga/public_html/user/app/controllers/IndexController.php on line 86
[16-Mar-2023 15:36:45 Etc/UTC] PHP Warning:  Illegal string offset 'username' in /home/manumbuh/domains/tbglivery.ga/public_html/user/app/controllers/IndexController.php on line 85
[16-Mar-2023 15:36:45 Etc/UTC] PHP Warning:  Illegal string offset 'password' in /home/manumbuh/domains/tbglivery.ga/public_html/user/app/controllers/IndexController.php on line 86
[21-Mar-2023 18:05:05 Etc/UTC] PHP Warning:  Illegal string offset 'username' in /home/manumbuh/domains/tbglivery.ga/public_html/user/app/controllers/IndexController.php on line 85
[21-Mar-2023 18:05:05 Etc/UTC] PHP Warning:  Illegal string offset 'password' in /home/manumbuh/domains/tbglivery.ga/public_html/user/app/controllers/IndexController.php on line 86
[21-Mar-2023 18:05:55 Etc/UTC] PHP Warning:  Illegal string offset 'username' in /home/manumbuh/domains/tbglivery.ga/public_html/user/app/controllers/IndexController.php on line 85
[21-Mar-2023 18:05:55 Etc/UTC] PHP Warning:  Illegal string offset 'password' in /home/manumbuh/domains/tbglivery.ga/public_html/user/app/controllers/IndexController.php on line 86
[23-Mar-2023 06:09:57 Etc/UTC] PHP Warning:  Illegal string offset 'username' in /home/manumbuh/domains/tbglivery.ga/public_html/user/app/controllers/IndexController.php on line 85
[23-Mar-2023 06:09:57 Etc/UTC] PHP Warning:  Illegal string offset 'password' in /home/manumbuh/domains/tbglivery.ga/public_html/user/app/controllers/IndexController.php on line 86
[24-Mar-2023 18:26:17 Etc/UTC] PHP Warning:  Illegal string offset 'username' in /home/manumbuh/domains/tbglivery.ga/public_html/user/app/controllers/IndexController.php on line 85
[24-Mar-2023 18:26:17 Etc/UTC] PHP Warning:  Illegal string offset 'password' in /home/manumbuh/domains/tbglivery.ga/public_html/user/app/controllers/IndexController.php on line 86
[24-Mar-2023 18:26:34 Etc/UTC] PHP Warning:  Illegal string offset 'username' in /home/manumbuh/domains/tbglivery.ga/public_html/user/app/controllers/IndexController.php on line 85
[24-Mar-2023 18:26:34 Etc/UTC] PHP Warning:  Illegal string offset 'password' in /home/manumbuh/domains/tbglivery.ga/public_html/user/app/controllers/IndexController.php on line 86
[24-Mar-2023 18:26:53 Etc/UTC] PHP Warning:  Illegal string offset 'username' in /home/manumbuh/domains/tbglivery.ga/public_html/user/app/controllers/IndexController.php on line 85
[24-Mar-2023 18:26:53 Etc/UTC] PHP Warning:  Illegal string offset 'password' in /home/manumbuh/domains/tbglivery.ga/public_html/user/app/controllers/IndexController.php on line 86
[24-Mar-2023 18:27:03 Etc/UTC] PHP Warning:  Illegal string offset 'username' in /home/manumbuh/domains/tbglivery.ga/public_html/user/app/controllers/IndexController.php on line 85
[24-Mar-2023 18:27:03 Etc/UTC] PHP Warning:  Illegal string offset 'password' in /home/manumbuh/domains/tbglivery.ga/public_html/user/app/controllers/IndexController.php on line 86
[24-Mar-2023 18:27:24 Etc/UTC] PHP Warning:  Illegal string offset 'username' in /home/manumbuh/domains/tbglivery.ga/public_html/user/app/controllers/IndexController.php on line 85
[24-Mar-2023 18:27:24 Etc/UTC] PHP Warning:  Illegal string offset 'password' in /home/manumbuh/domains/tbglivery.ga/public_html/user/app/controllers/IndexController.php on line 86
[24-Mar-2023 18:27:43 Etc/UTC] PHP Warning:  Illegal string offset 'username' in /home/manumbuh/domains/tbglivery.ga/public_html/user/app/controllers/IndexController.php on line 85
[24-Mar-2023 18:27:43 Etc/UTC] PHP Warning:  Illegal string offset 'password' in /home/manumbuh/domains/tbglivery.ga/public_html/user/app/controllers/IndexController.php on line 86
[25-Mar-2023 08:25:43 Etc/UTC] PHP Warning:  Illegal string offset 'username' in /home/manumbuh/domains/tbglivery.ga/public_html/user/app/controllers/IndexController.php on line 85
[25-Mar-2023 08:25:43 Etc/UTC] PHP Warning:  Illegal string offset 'password' in /home/manumbuh/domains/tbglivery.ga/public_html/user/app/controllers/IndexController.php on line 86
[25-Mar-2023 08:26:07 Etc/UTC] PHP Warning:  Illegal string offset 'username' in /home/manumbuh/domains/tbglivery.ga/public_html/user/app/controllers/IndexController.php on line 85
[25-Mar-2023 08:26:07 Etc/UTC] PHP Warning:  Illegal string offset 'password' in /home/manumbuh/domains/tbglivery.ga/public_html/user/app/controllers/IndexController.php on line 86
[25-Mar-2023 08:26:30 Etc/UTC] PHP Warning:  Illegal string offset 'username' in /home/manumbuh/domains/tbglivery.ga/public_html/user/app/controllers/IndexController.php on line 85
[25-Mar-2023 08:26:30 Etc/UTC] PHP Warning:  Illegal string offset 'password' in /home/manumbuh/domains/tbglivery.ga/public_html/user/app/controllers/IndexController.php on line 86
[26-Mar-2023 15:53:03 Etc/UTC] PHP Warning:  Illegal string offset 'username' in /home/manumbuh/domains/tbglivery.ga/public_html/user/app/controllers/IndexController.php on line 85
[26-Mar-2023 15:53:03 Etc/UTC] PHP Warning:  Illegal string offset 'password' in /home/manumbuh/domains/tbglivery.ga/public_html/user/app/controllers/IndexController.php on line 86
[26-Mar-2023 15:53:59 Etc/UTC] PHP Warning:  Illegal string offset 'username' in /home/manumbuh/domains/tbglivery.ga/public_html/user/app/controllers/IndexController.php on line 85
[26-Mar-2023 15:53:59 Etc/UTC] PHP Warning:  Illegal string offset 'password' in /home/manumbuh/domains/tbglivery.ga/public_html/user/app/controllers/IndexController.php on line 86
[29-Mar-2023 08:42:20 Etc/UTC] PHP Warning:  Illegal string offset 'username' in /home/manumbuh/domains/tbglivery.ga/public_html/user/app/controllers/IndexController.php on line 85
[29-Mar-2023 08:42:20 Etc/UTC] PHP Warning:  Illegal string offset 'password' in /home/manumbuh/domains/tbglivery.ga/public_html/user/app/controllers/IndexController.php on line 86
[30-Mar-2023 14:50:52 Etc/UTC] PHP Warning:  Illegal string offset 'username' in /home/manumbuh/domains/tbglivery.ga/public_html/user/app/controllers/IndexController.php on line 85
[30-Mar-2023 14:50:52 Etc/UTC] PHP Warning:  Illegal string offset 'password' in /home/manumbuh/domains/tbglivery.ga/public_html/user/app/controllers/IndexController.php on line 86
[30-Mar-2023 14:51:05 Etc/UTC] PHP Warning:  Illegal string offset 'username' in /home/manumbuh/domains/tbglivery.ga/public_html/user/app/controllers/IndexController.php on line 85
[30-Mar-2023 14:51:05 Etc/UTC] PHP Warning:  Illegal string offset 'password' in /home/manumbuh/domains/tbglivery.ga/public_html/user/app/controllers/IndexController.php on line 86
[02-Apr-2023 08:11:55 Etc/UTC] PHP Warning:  Illegal string offset 'username' in /home/manumbuh/domains/tbglivery.ga/public_html/user/app/controllers/IndexController.php on line 85
[02-Apr-2023 08:11:55 Etc/UTC] PHP Warning:  Illegal string offset 'password' in /home/manumbuh/domains/tbglivery.ga/public_html/user/app/controllers/IndexController.php on line 86
[07-Apr-2023 10:50:18 Etc/UTC] PHP Warning:  Illegal string offset 'username' in /home/manumbuh/domains/tbglivery.ga/public_html/user/app/controllers/IndexController.php on line 85
[07-Apr-2023 10:50:18 Etc/UTC] PHP Warning:  Illegal string offset 'password' in /home/manumbuh/domains/tbglivery.ga/public_html/user/app/controllers/IndexController.php on line 86
[07-Apr-2023 10:51:03 Etc/UTC] PHP Warning:  Illegal string offset 'username' in /home/manumbuh/domains/tbglivery.ga/public_html/user/app/controllers/IndexController.php on line 85
[07-Apr-2023 10:51:03 Etc/UTC] PHP Warning:  Illegal string offset 'password' in /home/manumbuh/domains/tbglivery.ga/public_html/user/app/controllers/IndexController.php on line 86
[07-Apr-2023 10:58:59 Etc/UTC] PHP Warning:  Illegal string offset 'username' in /home/manumbuh/domains/tbglivery.ga/public_html/user/app/controllers/IndexController.php on line 85
[07-Apr-2023 10:58:59 Etc/UTC] PHP Warning:  Illegal string offset 'password' in /home/manumbuh/domains/tbglivery.ga/public_html/user/app/controllers/IndexController.php on line 86
[07-Apr-2023 11:00:21 Etc/UTC] PHP Warning:  Illegal string offset 'username' in /home/manumbuh/domains/tbglivery.ga/public_html/user/app/controllers/IndexController.php on line 85
[07-Apr-2023 11:00:21 Etc/UTC] PHP Warning:  Illegal string offset 'password' in /home/manumbuh/domains/tbglivery.ga/public_html/user/app/controllers/IndexController.php on line 86
[11-Apr-2023 16:15:12 Etc/UTC] PHP Warning:  Illegal string offset 'username' in /home/manumbuh/domains/tbglivery.ga/public_html/user/app/controllers/IndexController.php on line 85
[11-Apr-2023 16:15:12 Etc/UTC] PHP Warning:  Illegal string offset 'password' in /home/manumbuh/domains/tbglivery.ga/public_html/user/app/controllers/IndexController.php on line 86
[11-Apr-2023 16:15:44 Etc/UTC] PHP Warning:  Illegal string offset 'username' in /home/manumbuh/domains/tbglivery.ga/public_html/user/app/controllers/IndexController.php on line 85
[11-Apr-2023 16:15:44 Etc/UTC] PHP Warning:  Illegal string offset 'password' in /home/manumbuh/domains/tbglivery.ga/public_html/user/app/controllers/IndexController.php on line 86
[11-Apr-2023 16:15:57 Etc/UTC] PHP Warning:  Illegal string offset 'username' in /home/manumbuh/domains/tbglivery.ga/public_html/user/app/controllers/IndexController.php on line 85
[11-Apr-2023 16:15:57 Etc/UTC] PHP Warning:  Illegal string offset 'password' in /home/manumbuh/domains/tbglivery.ga/public_html/user/app/controllers/IndexController.php on line 86
[11-Apr-2023 19:43:14 Etc/UTC] PHP Warning:  Illegal string offset 'username' in /home/manumbuh/domains/tbglivery.ga/public_html/user/app/controllers/IndexController.php on line 85
[11-Apr-2023 19:43:14 Etc/UTC] PHP Warning:  Illegal string offset 'password' in /home/manumbuh/domains/tbglivery.ga/public_html/user/app/controllers/IndexController.php on line 86
[11-Apr-2023 19:43:47 Etc/UTC] PHP Warning:  Illegal string offset 'username' in /home/manumbuh/domains/tbglivery.ga/public_html/user/app/controllers/IndexController.php on line 85
[11-Apr-2023 19:43:47 Etc/UTC] PHP Warning:  Illegal string offset 'password' in /home/manumbuh/domains/tbglivery.ga/public_html/user/app/controllers/IndexController.php on line 86
[11-Apr-2023 19:44:46 Etc/UTC] PHP Warning:  Illegal string offset 'username' in /home/manumbuh/domains/tbglivery.ga/public_html/user/app/controllers/IndexController.php on line 85
[11-Apr-2023 19:44:46 Etc/UTC] PHP Warning:  Illegal string offset 'password' in /home/manumbuh/domains/tbglivery.ga/public_html/user/app/controllers/IndexController.php on line 86
[11-Apr-2023 19:46:27 Etc/UTC] PHP Warning:  Illegal string offset 'username' in /home/manumbuh/domains/tbglivery.ga/public_html/user/app/controllers/IndexController.php on line 85
[11-Apr-2023 19:46:27 Etc/UTC] PHP Warning:  Illegal string offset 'password' in /home/manumbuh/domains/tbglivery.ga/public_html/user/app/controllers/IndexController.php on line 86
[11-Apr-2023 19:48:25 Etc/UTC] PHP Warning:  Illegal string offset 'username' in /home/manumbuh/domains/tbglivery.ga/public_html/user/app/controllers/IndexController.php on line 85
[11-Apr-2023 19:48:25 Etc/UTC] PHP Warning:  Illegal string offset 'password' in /home/manumbuh/domains/tbglivery.ga/public_html/user/app/controllers/IndexController.php on line 86
[12-Apr-2023 09:25:40 Etc/UTC] PHP Warning:  Illegal string offset 'username' in /home/manumbuh/domains/tbglivery.ga/public_html/user/app/controllers/IndexController.php on line 85
[12-Apr-2023 09:25:40 Etc/UTC] PHP Warning:  Illegal string offset 'password' in /home/manumbuh/domains/tbglivery.ga/public_html/user/app/controllers/IndexController.php on line 86
[12-Apr-2023 18:40:35 Etc/UTC] PHP Warning:  Illegal string offset 'username' in /home/manumbuh/domains/tbglivery.ga/public_html/user/app/controllers/IndexController.php on line 85
[12-Apr-2023 18:40:35 Etc/UTC] PHP Warning:  Illegal string offset 'password' in /home/manumbuh/domains/tbglivery.ga/public_html/user/app/controllers/IndexController.php on line 86
[06-May-2023 11:32:21 Etc/UTC] PHP Warning:  Illegal string offset 'username' in /home/manumbuh/domains/tbglivery.ga/public_html/user/app/controllers/IndexController.php on line 85
[06-May-2023 11:32:21 Etc/UTC] PHP Warning:  Illegal string offset 'password' in /home/manumbuh/domains/tbglivery.ga/public_html/user/app/controllers/IndexController.php on line 86
[06-May-2023 11:32:50 Etc/UTC] PHP Warning:  Illegal string offset 'username' in /home/manumbuh/domains/tbglivery.ga/public_html/user/app/controllers/IndexController.php on line 85
[06-May-2023 11:32:50 Etc/UTC] PHP Warning:  Illegal string offset 'password' in /home/manumbuh/domains/tbglivery.ga/public_html/user/app/controllers/IndexController.php on line 86
[08-May-2023 11:04:44 Etc/UTC] PHP Warning:  Illegal string offset 'username' in /home/manumbuh/domains/tbglivery.online/public_html/user/app/controllers/IndexController.php on line 85
[08-May-2023 11:04:44 Etc/UTC] PHP Warning:  Illegal string offset 'password' in /home/manumbuh/domains/tbglivery.online/public_html/user/app/controllers/IndexController.php on line 86
[11-May-2023 09:02:49 Etc/UTC] PHP Warning:  Illegal string offset 'username' in /home/manumbuh/domains/tbglivery.online/public_html/user/app/controllers/IndexController.php on line 85
[11-May-2023 09:02:49 Etc/UTC] PHP Warning:  Illegal string offset 'password' in /home/manumbuh/domains/tbglivery.online/public_html/user/app/controllers/IndexController.php on line 86
[11-May-2023 11:32:40 Etc/UTC] PHP Warning:  Illegal string offset 'username' in /home/manumbuh/domains/tbglivery.online/public_html/user/app/controllers/IndexController.php on line 85
[11-May-2023 11:32:40 Etc/UTC] PHP Warning:  Illegal string offset 'password' in /home/manumbuh/domains/tbglivery.online/public_html/user/app/controllers/IndexController.php on line 86
[11-May-2023 11:34:47 Etc/UTC] PHP Warning:  Illegal string offset 'username' in /home/manumbuh/domains/tbglivery.online/public_html/user/app/controllers/IndexController.php on line 85
[11-May-2023 11:34:47 Etc/UTC] PHP Warning:  Illegal string offset 'password' in /home/manumbuh/domains/tbglivery.online/public_html/user/app/controllers/IndexController.php on line 86
[11-May-2023 11:35:19 Etc/UTC] PHP Warning:  Illegal string offset 'username' in /home/manumbuh/domains/tbglivery.online/public_html/user/app/controllers/IndexController.php on line 85
[11-May-2023 11:35:19 Etc/UTC] PHP Warning:  Illegal string offset 'password' in /home/manumbuh/domains/tbglivery.online/public_html/user/app/controllers/IndexController.php on line 86
[11-May-2023 11:35:43 Etc/UTC] PHP Warning:  Illegal string offset 'username' in /home/manumbuh/domains/tbglivery.online/public_html/user/app/controllers/IndexController.php on line 85
[11-May-2023 11:35:43 Etc/UTC] PHP Warning:  Illegal string offset 'password' in /home/manumbuh/domains/tbglivery.online/public_html/user/app/controllers/IndexController.php on line 86
[11-May-2023 11:36:03 Etc/UTC] PHP Warning:  Illegal string offset 'username' in /home/manumbuh/domains/tbglivery.online/public_html/user/app/controllers/IndexController.php on line 85
[11-May-2023 11:36:03 Etc/UTC] PHP Warning:  Illegal string offset 'password' in /home/manumbuh/domains/tbglivery.online/public_html/user/app/controllers/IndexController.php on line 86
[11-May-2023 11:36:19 Etc/UTC] PHP Warning:  Illegal string offset 'username' in /home/manumbuh/domains/tbglivery.online/public_html/user/app/controllers/IndexController.php on line 85
[11-May-2023 11:36:19 Etc/UTC] PHP Warning:  Illegal string offset 'password' in /home/manumbuh/domains/tbglivery.online/public_html/user/app/controllers/IndexController.php on line 86
[11-May-2023 11:36:35 Etc/UTC] PHP Warning:  Illegal string offset 'username' in /home/manumbuh/domains/tbglivery.online/public_html/user/app/controllers/IndexController.php on line 85
[11-May-2023 11:36:35 Etc/UTC] PHP Warning:  Illegal string offset 'password' in /home/manumbuh/domains/tbglivery.online/public_html/user/app/controllers/IndexController.php on line 86
[11-May-2023 11:38:02 Etc/UTC] PHP Warning:  Illegal string offset 'username' in /home/manumbuh/domains/tbglivery.online/public_html/user/app/controllers/IndexController.php on line 85
[11-May-2023 11:38:02 Etc/UTC] PHP Warning:  Illegal string offset 'password' in /home/manumbuh/domains/tbglivery.online/public_html/user/app/controllers/IndexController.php on line 86
[11-May-2023 11:38:14 Etc/UTC] PHP Warning:  Illegal string offset 'username' in /home/manumbuh/domains/tbglivery.online/public_html/user/app/controllers/IndexController.php on line 85
[11-May-2023 11:38:14 Etc/UTC] PHP Warning:  Illegal string offset 'password' in /home/manumbuh/domains/tbglivery.online/public_html/user/app/controllers/IndexController.php on line 86
[11-May-2023 11:38:30 Etc/UTC] PHP Warning:  Illegal string offset 'username' in /home/manumbuh/domains/tbglivery.online/public_html/user/app/controllers/IndexController.php on line 85
[11-May-2023 11:38:30 Etc/UTC] PHP Warning:  Illegal string offset 'password' in /home/manumbuh/domains/tbglivery.online/public_html/user/app/controllers/IndexController.php on line 86
[11-May-2023 11:39:05 Etc/UTC] PHP Warning:  Illegal string offset 'username' in /home/manumbuh/domains/tbglivery.online/public_html/user/app/controllers/IndexController.php on line 85
[11-May-2023 11:39:05 Etc/UTC] PHP Warning:  Illegal string offset 'password' in /home/manumbuh/domains/tbglivery.online/public_html/user/app/controllers/IndexController.php on line 86
[11-May-2023 11:39:16 Etc/UTC] PHP Warning:  Illegal string offset 'username' in /home/manumbuh/domains/tbglivery.online/public_html/user/app/controllers/IndexController.php on line 85
[11-May-2023 11:39:16 Etc/UTC] PHP Warning:  Illegal string offset 'password' in /home/manumbuh/domains/tbglivery.online/public_html/user/app/controllers/IndexController.php on line 86
[11-May-2023 11:39:28 Etc/UTC] PHP Warning:  Illegal string offset 'username' in /home/manumbuh/domains/tbglivery.online/public_html/user/app/controllers/IndexController.php on line 85
[11-May-2023 11:39:28 Etc/UTC] PHP Warning:  Illegal string offset 'password' in /home/manumbuh/domains/tbglivery.online/public_html/user/app/controllers/IndexController.php on line 86
[11-May-2023 11:39:36 Etc/UTC] PHP Warning:  Illegal string offset 'username' in /home/manumbuh/domains/tbglivery.online/public_html/user/app/controllers/IndexController.php on line 85
[11-May-2023 11:39:36 Etc/UTC] PHP Warning:  Illegal string offset 'password' in /home/manumbuh/domains/tbglivery.online/public_html/user/app/controllers/IndexController.php on line 86
[14-May-2023 14:22:47 Etc/UTC] PHP Warning:  Illegal string offset 'username' in /home/manumbuh/domains/tbglivery.online/public_html/user/app/controllers/IndexController.php on line 85
[14-May-2023 14:22:47 Etc/UTC] PHP Warning:  Illegal string offset 'password' in /home/manumbuh/domains/tbglivery.online/public_html/user/app/controllers/IndexController.php on line 86
[14-May-2023 14:25:31 Etc/UTC] PHP Warning:  Illegal string offset 'username' in /home/manumbuh/domains/tbglivery.online/public_html/user/app/controllers/IndexController.php on line 85
[14-May-2023 14:25:31 Etc/UTC] PHP Warning:  Illegal string offset 'password' in /home/manumbuh/domains/tbglivery.online/public_html/user/app/controllers/IndexController.php on line 86
[19-May-2023 17:24:47 Etc/UTC] PHP Warning:  Illegal string offset 'username' in /home/manumbuh/domains/tbglivery.online/public_html/user/app/controllers/IndexController.php on line 85
[19-May-2023 17:24:47 Etc/UTC] PHP Warning:  Illegal string offset 'password' in /home/manumbuh/domains/tbglivery.online/public_html/user/app/controllers/IndexController.php on line 86
[23-May-2023 13:00:08 Etc/UTC] PHP Warning:  Illegal string offset 'username' in /home/manumbuh/domains/tbglivery.online/public_html/user/app/controllers/IndexController.php on line 85
[23-May-2023 13:00:08 Etc/UTC] PHP Warning:  Illegal string offset 'password' in /home/manumbuh/domains/tbglivery.online/public_html/user/app/controllers/IndexController.php on line 86
[26-May-2023 17:59:21 Etc/UTC] PHP Warning:  Illegal string offset 'username' in /home/manumbuh/domains/tbglivery.online/public_html/user/app/controllers/IndexController.php on line 85
[26-May-2023 17:59:21 Etc/UTC] PHP Warning:  Illegal string offset 'password' in /home/manumbuh/domains/tbglivery.online/public_html/user/app/controllers/IndexController.php on line 86
[29-May-2023 13:51:59 Etc/UTC] PHP Warning:  Illegal string offset 'username' in /home/manumbuh/domains/tbglivery.online/public_html/user/app/controllers/IndexController.php on line 85
[29-May-2023 13:51:59 Etc/UTC] PHP Warning:  Illegal string offset 'password' in /home/manumbuh/domains/tbglivery.online/public_html/user/app/controllers/IndexController.php on line 86
[29-May-2023 13:52:24 Etc/UTC] PHP Warning:  Illegal string offset 'username' in /home/manumbuh/domains/tbglivery.online/public_html/user/app/controllers/IndexController.php on line 85
[29-May-2023 13:52:24 Etc/UTC] PHP Warning:  Illegal string offset 'password' in /home/manumbuh/domains/tbglivery.online/public_html/user/app/controllers/IndexController.php on line 86
[29-May-2023 13:53:04 Etc/UTC] PHP Warning:  Illegal string offset 'username' in /home/manumbuh/domains/tbglivery.online/public_html/user/app/controllers/IndexController.php on line 85
[29-May-2023 13:53:04 Etc/UTC] PHP Warning:  Illegal string offset 'password' in /home/manumbuh/domains/tbglivery.online/public_html/user/app/controllers/IndexController.php on line 86
[03-Jun-2023 08:35:32 Etc/UTC] PHP Warning:  Illegal string offset 'username' in /home/manumbuh/domains/tbglivery.online/public_html/user/app/controllers/IndexController.php on line 85
[03-Jun-2023 08:35:32 Etc/UTC] PHP Warning:  Illegal string offset 'password' in /home/manumbuh/domains/tbglivery.online/public_html/user/app/controllers/IndexController.php on line 86
[05-Jun-2023 15:44:12 Etc/UTC] PHP Warning:  Illegal string offset 'username' in /home/manumbuh/domains/tbglivery.online/public_html/user/app/controllers/IndexController.php on line 85
[05-Jun-2023 15:44:12 Etc/UTC] PHP Warning:  Illegal string offset 'password' in /home/manumbuh/domains/tbglivery.online/public_html/user/app/controllers/IndexController.php on line 86
[05-Jun-2023 15:44:32 Etc/UTC] PHP Warning:  Illegal string offset 'username' in /home/manumbuh/domains/tbglivery.online/public_html/user/app/controllers/IndexController.php on line 85
[05-Jun-2023 15:44:32 Etc/UTC] PHP Warning:  Illegal string offset 'password' in /home/manumbuh/domains/tbglivery.online/public_html/user/app/controllers/IndexController.php on line 86
[05-Jun-2023 15:44:49 Etc/UTC] PHP Warning:  Illegal string offset 'username' in /home/manumbuh/domains/tbglivery.online/public_html/user/app/controllers/IndexController.php on line 85
[05-Jun-2023 15:44:49 Etc/UTC] PHP Warning:  Illegal string offset 'password' in /home/manumbuh/domains/tbglivery.online/public_html/user/app/controllers/IndexController.php on line 86
[05-Jun-2023 15:45:03 Etc/UTC] PHP Warning:  Illegal string offset 'username' in /home/manumbuh/domains/tbglivery.online/public_html/user/app/controllers/IndexController.php on line 85
[05-Jun-2023 15:45:03 Etc/UTC] PHP Warning:  Illegal string offset 'password' in /home/manumbuh/domains/tbglivery.online/public_html/user/app/controllers/IndexController.php on line 86
[05-Jun-2023 15:45:23 Etc/UTC] PHP Warning:  Illegal string offset 'username' in /home/manumbuh/domains/tbglivery.online/public_html/user/app/controllers/IndexController.php on line 85
[05-Jun-2023 15:45:23 Etc/UTC] PHP Warning:  Illegal string offset 'password' in /home/manumbuh/domains/tbglivery.online/public_html/user/app/controllers/IndexController.php on line 86
[06-Jun-2023 06:11:40 Etc/UTC] PHP Warning:  Illegal string offset 'username' in /home/manumbuh/domains/tbglivery.online/public_html/user/app/controllers/IndexController.php on line 85
[06-Jun-2023 06:11:40 Etc/UTC] PHP Warning:  Illegal string offset 'password' in /home/manumbuh/domains/tbglivery.online/public_html/user/app/controllers/IndexController.php on line 86
[06-Jun-2023 06:24:52 Etc/UTC] PHP Warning:  Illegal string offset 'username' in /home/manumbuh/domains/tbglivery.online/public_html/user/app/controllers/IndexController.php on line 85
[06-Jun-2023 06:24:52 Etc/UTC] PHP Warning:  Illegal string offset 'password' in /home/manumbuh/domains/tbglivery.online/public_html/user/app/controllers/IndexController.php on line 86
[06-Jun-2023 06:25:12 Etc/UTC] PHP Warning:  Illegal string offset 'username' in /home/manumbuh/domains/tbglivery.online/public_html/user/app/controllers/IndexController.php on line 85
[06-Jun-2023 06:25:12 Etc/UTC] PHP Warning:  Illegal string offset 'password' in /home/manumbuh/domains/tbglivery.online/public_html/user/app/controllers/IndexController.php on line 86
[06-Jun-2023 06:25:25 Etc/UTC] PHP Warning:  Illegal string offset 'username' in /home/manumbuh/domains/tbglivery.online/public_html/user/app/controllers/IndexController.php on line 85
[06-Jun-2023 06:25:25 Etc/UTC] PHP Warning:  Illegal string offset 'password' in /home/manumbuh/domains/tbglivery.online/public_html/user/app/controllers/IndexController.php on line 86
[06-Jun-2023 07:53:02 Etc/UTC] PHP Warning:  Illegal string offset 'username' in /home/manumbuh/domains/tbglivery.online/public_html/user/app/controllers/IndexController.php on line 85
[06-Jun-2023 07:53:02 Etc/UTC] PHP Warning:  Illegal string offset 'password' in /home/manumbuh/domains/tbglivery.online/public_html/user/app/controllers/IndexController.php on line 86
[06-Jun-2023 09:39:17 Etc/UTC] PHP Warning:  Illegal string offset 'username' in /home/manumbuh/domains/tbglivery.online/public_html/user/app/controllers/IndexController.php on line 85
[06-Jun-2023 09:39:17 Etc/UTC] PHP Warning:  Illegal string offset 'password' in /home/manumbuh/domains/tbglivery.online/public_html/user/app/controllers/IndexController.php on line 86
[06-Jun-2023 09:40:18 Etc/UTC] PHP Warning:  Illegal string offset 'username' in /home/manumbuh/domains/tbglivery.online/public_html/user/app/controllers/IndexController.php on line 85
[06-Jun-2023 09:40:18 Etc/UTC] PHP Warning:  Illegal string offset 'password' in /home/manumbuh/domains/tbglivery.online/public_html/user/app/controllers/IndexController.php on line 86
[06-Jun-2023 09:44:53 Etc/UTC] PHP Warning:  Illegal string offset 'username' in /home/manumbuh/domains/tbglivery.online/public_html/user/app/controllers/IndexController.php on line 85
[06-Jun-2023 09:44:53 Etc/UTC] PHP Warning:  Illegal string offset 'password' in /home/manumbuh/domains/tbglivery.online/public_html/user/app/controllers/IndexController.php on line 86
[06-Jun-2023 09:45:41 Etc/UTC] PHP Warning:  Illegal string offset 'username' in /home/manumbuh/domains/tbglivery.online/public_html/user/app/controllers/IndexController.php on line 85
[06-Jun-2023 09:45:41 Etc/UTC] PHP Warning:  Illegal string offset 'password' in /home/manumbuh/domains/tbglivery.online/public_html/user/app/controllers/IndexController.php on line 86
[06-Jun-2023 19:40:41 Etc/UTC] PHP Warning:  Illegal string offset 'username' in /home/manumbuh/domains/tbglivery.online/public_html/user/app/controllers/IndexController.php on line 85
[06-Jun-2023 19:40:41 Etc/UTC] PHP Warning:  Illegal string offset 'password' in /home/manumbuh/domains/tbglivery.online/public_html/user/app/controllers/IndexController.php on line 86
[09-Jun-2023 00:38:11 Etc/UTC] PHP Warning:  Illegal string offset 'username' in /home/manumbuh/domains/tbglivery.online/public_html/user/app/controllers/IndexController.php on line 85
[09-Jun-2023 00:38:11 Etc/UTC] PHP Warning:  Illegal string offset 'password' in /home/manumbuh/domains/tbglivery.online/public_html/user/app/controllers/IndexController.php on line 86
[10-Jun-2023 07:01:02 Etc/UTC] PHP Warning:  Illegal string offset 'username' in /home/manumbuh/domains/tbglivery.online/public_html/user/app/controllers/IndexController.php on line 85
[10-Jun-2023 07:01:02 Etc/UTC] PHP Warning:  Illegal string offset 'password' in /home/manumbuh/domains/tbglivery.online/public_html/user/app/controllers/IndexController.php on line 86
[10-Jun-2023 07:01:41 Etc/UTC] PHP Warning:  Illegal string offset 'username' in /home/manumbuh/domains/tbglivery.online/public_html/user/app/controllers/IndexController.php on line 85
[10-Jun-2023 07:01:41 Etc/UTC] PHP Warning:  Illegal string offset 'password' in /home/manumbuh/domains/tbglivery.online/public_html/user/app/controllers/IndexController.php on line 86
[13-Jun-2023 18:03:45 Etc/UTC] PHP Warning:  Illegal string offset 'username' in /home/manumbuh/domains/tbglivery.online/public_html/user/app/controllers/IndexController.php on line 85
[13-Jun-2023 18:03:45 Etc/UTC] PHP Warning:  Illegal string offset 'password' in /home/manumbuh/domains/tbglivery.online/public_html/user/app/controllers/IndexController.php on line 86
[14-Jun-2023 21:39:10 Etc/UTC] PHP Warning:  Illegal string offset 'username' in /home/manumbuh/domains/tbglivery.online/public_html/user/app/controllers/IndexController.php on line 85
[14-Jun-2023 21:39:10 Etc/UTC] PHP Warning:  Illegal string offset 'password' in /home/manumbuh/domains/tbglivery.online/public_html/user/app/controllers/IndexController.php on line 86
[14-Jun-2023 21:39:42 Etc/UTC] PHP Warning:  Illegal string offset 'username' in /home/manumbuh/domains/tbglivery.online/public_html/user/app/controllers/IndexController.php on line 85
[14-Jun-2023 21:39:42 Etc/UTC] PHP Warning:  Illegal string offset 'password' in /home/manumbuh/domains/tbglivery.online/public_html/user/app/controllers/IndexController.php on line 86
[15-Jun-2023 12:38:41 Etc/UTC] PHP Warning:  Illegal string offset 'username' in /home/manumbuh/domains/tbglivery.online/public_html/user/app/controllers/IndexController.php on line 85
[15-Jun-2023 12:38:41 Etc/UTC] PHP Warning:  Illegal string offset 'password' in /home/manumbuh/domains/tbglivery.online/public_html/user/app/controllers/IndexController.php on line 86
[15-Jun-2023 12:39:02 Etc/UTC] PHP Warning:  Illegal string offset 'username' in /home/manumbuh/domains/tbglivery.online/public_html/user/app/controllers/IndexController.php on line 85
[15-Jun-2023 12:39:02 Etc/UTC] PHP Warning:  Illegal string offset 'password' in /home/manumbuh/domains/tbglivery.online/public_html/user/app/controllers/IndexController.php on line 86
[16-Jun-2023 14:53:51 Etc/UTC] PHP Warning:  Illegal string offset 'username' in /home/manumbuh/domains/tbglivery.online/public_html/user/app/controllers/IndexController.php on line 85
[16-Jun-2023 14:53:51 Etc/UTC] PHP Warning:  Illegal string offset 'password' in /home/manumbuh/domains/tbglivery.online/public_html/user/app/controllers/IndexController.php on line 86
[16-Jun-2023 14:56:27 Etc/UTC] PHP Warning:  Illegal string offset 'username' in /home/manumbuh/domains/tbglivery.online/public_html/user/app/controllers/IndexController.php on line 85
[16-Jun-2023 14:56:27 Etc/UTC] PHP Warning:  Illegal string offset 'password' in /home/manumbuh/domains/tbglivery.online/public_html/user/app/controllers/IndexController.php on line 86
[19-Jun-2023 21:10:06 Etc/UTC] PHP Warning:  Illegal string offset 'username' in /home/manumbuh/domains/tbglivery.online/public_html/user/app/controllers/IndexController.php on line 85
[19-Jun-2023 21:10:06 Etc/UTC] PHP Warning:  Illegal string offset 'password' in /home/manumbuh/domains/tbglivery.online/public_html/user/app/controllers/IndexController.php on line 86
[19-Jun-2023 21:12:43 Etc/UTC] PHP Warning:  Illegal string offset 'username' in /home/manumbuh/domains/tbglivery.online/public_html/user/app/controllers/IndexController.php on line 85
[19-Jun-2023 21:12:43 Etc/UTC] PHP Warning:  Illegal string offset 'password' in /home/manumbuh/domains/tbglivery.online/public_html/user/app/controllers/IndexController.php on line 86
[19-Jun-2023 21:15:53 Etc/UTC] PHP Warning:  Illegal string offset 'username' in /home/manumbuh/domains/tbglivery.online/public_html/user/app/controllers/IndexController.php on line 85
[19-Jun-2023 21:15:53 Etc/UTC] PHP Warning:  Illegal string offset 'password' in /home/manumbuh/domains/tbglivery.online/public_html/user/app/controllers/IndexController.php on line 86
[19-Jun-2023 21:19:25 Etc/UTC] PHP Warning:  Illegal string offset 'username' in /home/manumbuh/domains/tbglivery.online/public_html/user/app/controllers/IndexController.php on line 85
[19-Jun-2023 21:19:25 Etc/UTC] PHP Warning:  Illegal string offset 'password' in /home/manumbuh/domains/tbglivery.online/public_html/user/app/controllers/IndexController.php on line 86
[19-Jun-2023 21:20:14 Etc/UTC] PHP Warning:  Illegal string offset 'username' in /home/manumbuh/domains/tbglivery.online/public_html/user/app/controllers/IndexController.php on line 85
[19-Jun-2023 21:20:14 Etc/UTC] PHP Warning:  Illegal string offset 'password' in /home/manumbuh/domains/tbglivery.online/public_html/user/app/controllers/IndexController.php on line 86
[19-Jun-2023 21:57:54 Etc/UTC] PHP Warning:  Illegal string offset 'username' in /home/manumbuh/domains/tbglivery.online/public_html/user/app/controllers/IndexController.php on line 85
[19-Jun-2023 21:57:54 Etc/UTC] PHP Warning:  Illegal string offset 'password' in /home/manumbuh/domains/tbglivery.online/public_html/user/app/controllers/IndexController.php on line 86
[19-Jun-2023 21:58:21 Etc/UTC] PHP Warning:  Illegal string offset 'username' in /home/manumbuh/domains/tbglivery.online/public_html/user/app/controllers/IndexController.php on line 85
[19-Jun-2023 21:58:21 Etc/UTC] PHP Warning:  Illegal string offset 'password' in /home/manumbuh/domains/tbglivery.online/public_html/user/app/controllers/IndexController.php on line 86
[19-Jun-2023 22:04:22 Etc/UTC] PHP Warning:  Illegal string offset 'username' in /home/manumbuh/domains/tbglivery.online/public_html/user/app/controllers/IndexController.php on line 85
[19-Jun-2023 22:04:22 Etc/UTC] PHP Warning:  Illegal string offset 'password' in /home/manumbuh/domains/tbglivery.online/public_html/user/app/controllers/IndexController.php on line 86
[21-Jun-2023 11:28:38 Etc/UTC] PHP Warning:  Illegal string offset 'username' in /home/manumbuh/domains/tbglivery.online/public_html/user/app/controllers/IndexController.php on line 85
[21-Jun-2023 11:28:38 Etc/UTC] PHP Warning:  Illegal string offset 'password' in /home/manumbuh/domains/tbglivery.online/public_html/user/app/controllers/IndexController.php on line 86
[21-Jun-2023 11:28:53 Etc/UTC] PHP Warning:  Illegal string offset 'username' in /home/manumbuh/domains/tbglivery.online/public_html/user/app/controllers/IndexController.php on line 85
[21-Jun-2023 11:28:53 Etc/UTC] PHP Warning:  Illegal string offset 'password' in /home/manumbuh/domains/tbglivery.online/public_html/user/app/controllers/IndexController.php on line 86
[24-Jun-2023 20:21:36 Etc/UTC] PHP Warning:  Illegal string offset 'username' in /home/manumbuh/domains/tbglivery.online/public_html/user/app/controllers/IndexController.php on line 85
[24-Jun-2023 20:21:36 Etc/UTC] PHP Warning:  Illegal string offset 'password' in /home/manumbuh/domains/tbglivery.online/public_html/user/app/controllers/IndexController.php on line 86
[24-Jun-2023 20:22:05 Etc/UTC] PHP Warning:  Illegal string offset 'username' in /home/manumbuh/domains/tbglivery.online/public_html/user/app/controllers/IndexController.php on line 85
[24-Jun-2023 20:22:05 Etc/UTC] PHP Warning:  Illegal string offset 'password' in /home/manumbuh/domains/tbglivery.online/public_html/user/app/controllers/IndexController.php on line 86
[28-Jun-2023 21:05:59 Etc/UTC] PHP Warning:  Illegal string offset 'username' in /home/manumbuh/domains/tbglivery.online/public_html/user/app/controllers/IndexController.php on line 85
[28-Jun-2023 21:05:59 Etc/UTC] PHP Warning:  Illegal string offset 'password' in /home/manumbuh/domains/tbglivery.online/public_html/user/app/controllers/IndexController.php on line 86
[28-Jun-2023 21:06:37 Etc/UTC] PHP Warning:  Illegal string offset 'username' in /home/manumbuh/domains/tbglivery.online/public_html/user/app/controllers/IndexController.php on line 85
[28-Jun-2023 21:06:37 Etc/UTC] PHP Warning:  Illegal string offset 'password' in /home/manumbuh/domains/tbglivery.online/public_html/user/app/controllers/IndexController.php on line 86
[29-Jun-2023 19:57:15 Etc/UTC] PHP Warning:  Illegal string offset 'username' in /home/manumbuh/domains/tbglivery.online/public_html/user/app/controllers/IndexController.php on line 85
[29-Jun-2023 19:57:15 Etc/UTC] PHP Warning:  Illegal string offset 'password' in /home/manumbuh/domains/tbglivery.online/public_html/user/app/controllers/IndexController.php on line 86
[01-Jul-2023 18:55:56 Etc/UTC] PHP Warning:  Illegal string offset 'username' in /home/manumbuh/domains/tbglivery.online/public_html/user/app/controllers/IndexController.php on line 85
[01-Jul-2023 18:55:56 Etc/UTC] PHP Warning:  Illegal string offset 'password' in /home/manumbuh/domains/tbglivery.online/public_html/user/app/controllers/IndexController.php on line 86
[02-Jul-2023 12:52:35 Etc/UTC] PHP Warning:  Illegal string offset 'username' in /home/manumbuh/domains/tbglivery.online/public_html/user/app/controllers/IndexController.php on line 85
[02-Jul-2023 12:52:35 Etc/UTC] PHP Warning:  Illegal string offset 'password' in /home/manumbuh/domains/tbglivery.online/public_html/user/app/controllers/IndexController.php on line 86
[02-Jul-2023 12:53:38 Etc/UTC] PHP Warning:  Illegal string offset 'username' in /home/manumbuh/domains/tbglivery.online/public_html/user/app/controllers/IndexController.php on line 85
[02-Jul-2023 12:53:38 Etc/UTC] PHP Warning:  Illegal string offset 'password' in /home/manumbuh/domains/tbglivery.online/public_html/user/app/controllers/IndexController.php on line 86
[02-Jul-2023 13:19:31 Etc/UTC] PHP Warning:  Illegal string offset 'username' in /home/manumbuh/domains/tbglivery.online/public_html/user/app/controllers/IndexController.php on line 85
[02-Jul-2023 13:19:31 Etc/UTC] PHP Warning:  Illegal string offset 'password' in /home/manumbuh/domains/tbglivery.online/public_html/user/app/controllers/IndexController.php on line 86
[02-Jul-2023 13:20:08 Etc/UTC] PHP Warning:  Illegal string offset 'username' in /home/manumbuh/domains/tbglivery.online/public_html/user/app/controllers/IndexController.php on line 85
[02-Jul-2023 13:20:08 Etc/UTC] PHP Warning:  Illegal string offset 'password' in /home/manumbuh/domains/tbglivery.online/public_html/user/app/controllers/IndexController.php on line 86
[02-Jul-2023 13:23:30 Etc/UTC] PHP Warning:  Illegal string offset 'username' in /home/manumbuh/domains/tbglivery.online/public_html/user/app/controllers/IndexController.php on line 85
[02-Jul-2023 13:23:30 Etc/UTC] PHP Warning:  Illegal string offset 'password' in /home/manumbuh/domains/tbglivery.online/public_html/user/app/controllers/IndexController.php on line 86
[03-Jul-2023 09:20:20 Etc/UTC] PHP Warning:  Illegal string offset 'username' in /home/manumbuh/domains/tbglivery.online/public_html/user/app/controllers/IndexController.php on line 85
[03-Jul-2023 09:20:20 Etc/UTC] PHP Warning:  Illegal string offset 'password' in /home/manumbuh/domains/tbglivery.online/public_html/user/app/controllers/IndexController.php on line 86
[05-Jul-2023 15:59:01 Etc/UTC] PHP Warning:  Illegal string offset 'username' in /home/manumbuh/domains/tbglivery.online/public_html/user/app/controllers/IndexController.php on line 85
[05-Jul-2023 15:59:01 Etc/UTC] PHP Warning:  Illegal string offset 'password' in /home/manumbuh/domains/tbglivery.online/public_html/user/app/controllers/IndexController.php on line 86
[06-Jul-2023 11:53:19 Etc/UTC] PHP Warning:  Illegal string offset 'username' in /home/manumbuh/domains/tbglivery.online/public_html/user/app/controllers/IndexController.php on line 85
[06-Jul-2023 11:53:19 Etc/UTC] PHP Warning:  Illegal string offset 'password' in /home/manumbuh/domains/tbglivery.online/public_html/user/app/controllers/IndexController.php on line 86
[06-Jul-2023 18:20:05 Etc/UTC] PHP Warning:  Illegal string offset 'username' in /home/manumbuh/domains/tbglivery.online/public_html/user/app/controllers/IndexController.php on line 85
[06-Jul-2023 18:20:05 Etc/UTC] PHP Warning:  Illegal string offset 'password' in /home/manumbuh/domains/tbglivery.online/public_html/user/app/controllers/IndexController.php on line 86
[08-Jul-2023 06:48:26 Etc/UTC] PHP Warning:  Illegal string offset 'username' in /home/manumbuh/domains/tbglivery.online/public_html/user/app/controllers/IndexController.php on line 85
[08-Jul-2023 06:48:26 Etc/UTC] PHP Warning:  Illegal string offset 'password' in /home/manumbuh/domains/tbglivery.online/public_html/user/app/controllers/IndexController.php on line 86
[08-Jul-2023 06:49:18 Etc/UTC] PHP Warning:  Illegal string offset 'username' in /home/manumbuh/domains/tbglivery.online/public_html/user/app/controllers/IndexController.php on line 85
[08-Jul-2023 06:49:18 Etc/UTC] PHP Warning:  Illegal string offset 'password' in /home/manumbuh/domains/tbglivery.online/public_html/user/app/controllers/IndexController.php on line 86
[08-Jul-2023 19:10:37 Etc/UTC] PHP Warning:  Illegal string offset 'username' in /home/manumbuh/domains/tbglivery.online/public_html/user/app/controllers/IndexController.php on line 85
[08-Jul-2023 19:10:37 Etc/UTC] PHP Warning:  Illegal string offset 'password' in /home/manumbuh/domains/tbglivery.online/public_html/user/app/controllers/IndexController.php on line 86
[08-Jul-2023 19:11:02 Etc/UTC] PHP Warning:  Illegal string offset 'username' in /home/manumbuh/domains/tbglivery.online/public_html/user/app/controllers/IndexController.php on line 85
[08-Jul-2023 19:11:02 Etc/UTC] PHP Warning:  Illegal string offset 'password' in /home/manumbuh/domains/tbglivery.online/public_html/user/app/controllers/IndexController.php on line 86
[16-Jul-2023 19:19:21 Etc/UTC] PHP Warning:  Illegal string offset 'username' in /home/manumbuh/domains/tbglivery.online/public_html/user/app/controllers/IndexController.php on line 85
[16-Jul-2023 19:19:21 Etc/UTC] PHP Warning:  Illegal string offset 'password' in /home/manumbuh/domains/tbglivery.online/public_html/user/app/controllers/IndexController.php on line 86
[16-Jul-2023 19:19:34 Etc/UTC] PHP Warning:  Illegal string offset 'username' in /home/manumbuh/domains/tbglivery.online/public_html/user/app/controllers/IndexController.php on line 85
[16-Jul-2023 19:19:34 Etc/UTC] PHP Warning:  Illegal string offset 'password' in /home/manumbuh/domains/tbglivery.online/public_html/user/app/controllers/IndexController.php on line 86
[17-Jul-2023 08:35:23 Etc/UTC] PHP Warning:  Illegal string offset 'username' in /home/manumbuh/domains/tbglivery.online/public_html/user/app/controllers/IndexController.php on line 85
[17-Jul-2023 08:35:23 Etc/UTC] PHP Warning:  Illegal string offset 'password' in /home/manumbuh/domains/tbglivery.online/public_html/user/app/controllers/IndexController.php on line 86
[17-Jul-2023 08:35:57 Etc/UTC] PHP Warning:  Illegal string offset 'username' in /home/manumbuh/domains/tbglivery.online/public_html/user/app/controllers/IndexController.php on line 85
[17-Jul-2023 08:35:57 Etc/UTC] PHP Warning:  Illegal string offset 'password' in /home/manumbuh/domains/tbglivery.online/public_html/user/app/controllers/IndexController.php on line 86
[17-Jul-2023 08:36:26 Etc/UTC] PHP Warning:  Illegal string offset 'username' in /home/manumbuh/domains/tbglivery.online/public_html/user/app/controllers/IndexController.php on line 85
[17-Jul-2023 08:36:26 Etc/UTC] PHP Warning:  Illegal string offset 'password' in /home/manumbuh/domains/tbglivery.online/public_html/user/app/controllers/IndexController.php on line 86
[17-Jul-2023 08:37:37 Etc/UTC] PHP Warning:  Illegal string offset 'username' in /home/manumbuh/domains/tbglivery.online/public_html/user/app/controllers/IndexController.php on line 85
[17-Jul-2023 08:37:37 Etc/UTC] PHP Warning:  Illegal string offset 'password' in /home/manumbuh/domains/tbglivery.online/public_html/user/app/controllers/IndexController.php on line 86
[17-Jul-2023 08:37:59 Etc/UTC] PHP Warning:  Illegal string offset 'username' in /home/manumbuh/domains/tbglivery.online/public_html/user/app/controllers/IndexController.php on line 85
[17-Jul-2023 08:37:59 Etc/UTC] PHP Warning:  Illegal string offset 'password' in /home/manumbuh/domains/tbglivery.online/public_html/user/app/controllers/IndexController.php on line 86
[17-Jul-2023 08:38:29 Etc/UTC] PHP Warning:  Illegal string offset 'username' in /home/manumbuh/domains/tbglivery.online/public_html/user/app/controllers/IndexController.php on line 85
[17-Jul-2023 08:38:29 Etc/UTC] PHP Warning:  Illegal string offset 'password' in /home/manumbuh/domains/tbglivery.online/public_html/user/app/controllers/IndexController.php on line 86
[17-Jul-2023 08:38:32 Etc/UTC] PHP Warning:  Illegal string offset 'username' in /home/manumbuh/domains/tbglivery.online/public_html/user/app/controllers/IndexController.php on line 85
[17-Jul-2023 08:38:32 Etc/UTC] PHP Warning:  Illegal string offset 'password' in /home/manumbuh/domains/tbglivery.online/public_html/user/app/controllers/IndexController.php on line 86
[17-Jul-2023 08:39:24 Etc/UTC] PHP Warning:  Illegal string offset 'username' in /home/manumbuh/domains/tbglivery.online/public_html/user/app/controllers/IndexController.php on line 85
[17-Jul-2023 08:39:24 Etc/UTC] PHP Warning:  Illegal string offset 'password' in /home/manumbuh/domains/tbglivery.online/public_html/user/app/controllers/IndexController.php on line 86
[17-Jul-2023 08:39:40 Etc/UTC] PHP Warning:  Illegal string offset 'username' in /home/manumbuh/domains/tbglivery.online/public_html/user/app/controllers/IndexController.php on line 85
[17-Jul-2023 08:39:40 Etc/UTC] PHP Warning:  Illegal string offset 'password' in /home/manumbuh/domains/tbglivery.online/public_html/user/app/controllers/IndexController.php on line 86
[17-Jul-2023 08:43:12 Etc/UTC] PHP Warning:  Illegal string offset 'username' in /home/manumbuh/domains/tbglivery.online/public_html/user/app/controllers/IndexController.php on line 85
[17-Jul-2023 08:43:12 Etc/UTC] PHP Warning:  Illegal string offset 'password' in /home/manumbuh/domains/tbglivery.online/public_html/user/app/controllers/IndexController.php on line 86
[17-Jul-2023 08:43:53 Etc/UTC] PHP Warning:  Illegal string offset 'username' in /home/manumbuh/domains/tbglivery.online/public_html/user/app/controllers/IndexController.php on line 85
[17-Jul-2023 08:43:53 Etc/UTC] PHP Warning:  Illegal string offset 'password' in /home/manumbuh/domains/tbglivery.online/public_html/user/app/controllers/IndexController.php on line 86
[17-Jul-2023 08:45:21 Etc/UTC] PHP Warning:  Illegal string offset 'username' in /home/manumbuh/domains/tbglivery.online/public_html/user/app/controllers/IndexController.php on line 85
[17-Jul-2023 08:45:21 Etc/UTC] PHP Warning:  Illegal string offset 'password' in /home/manumbuh/domains/tbglivery.online/public_html/user/app/controllers/IndexController.php on line 86
[17-Jul-2023 08:46:29 Etc/UTC] PHP Warning:  Illegal string offset 'username' in /home/manumbuh/domains/tbglivery.online/public_html/user/app/controllers/IndexController.php on line 85
[17-Jul-2023 08:46:29 Etc/UTC] PHP Warning:  Illegal string offset 'password' in /home/manumbuh/domains/tbglivery.online/public_html/user/app/controllers/IndexController.php on line 86
[17-Jul-2023 08:46:58 Etc/UTC] PHP Warning:  Illegal string offset 'username' in /home/manumbuh/domains/tbglivery.online/public_html/user/app/controllers/IndexController.php on line 85
[17-Jul-2023 08:46:58 Etc/UTC] PHP Warning:  Illegal string offset 'password' in /home/manumbuh/domains/tbglivery.online/public_html/user/app/controllers/IndexController.php on line 86
[17-Jul-2023 08:47:56 Etc/UTC] PHP Warning:  Illegal string offset 'username' in /home/manumbuh/domains/tbglivery.online/public_html/user/app/controllers/IndexController.php on line 85
[17-Jul-2023 08:47:56 Etc/UTC] PHP Warning:  Illegal string offset 'password' in /home/manumbuh/domains/tbglivery.online/public_html/user/app/controllers/IndexController.php on line 86
[17-Jul-2023 08:48:58 Etc/UTC] PHP Warning:  Illegal string offset 'username' in /home/manumbuh/domains/tbglivery.online/public_html/user/app/controllers/IndexController.php on line 85
[17-Jul-2023 08:48:58 Etc/UTC] PHP Warning:  Illegal string offset 'password' in /home/manumbuh/domains/tbglivery.online/public_html/user/app/controllers/IndexController.php on line 86
[17-Jul-2023 08:49:23 Etc/UTC] PHP Warning:  Illegal string offset 'username' in /home/manumbuh/domains/tbglivery.online/public_html/user/app/controllers/IndexController.php on line 85
[17-Jul-2023 08:49:23 Etc/UTC] PHP Warning:  Illegal string offset 'password' in /home/manumbuh/domains/tbglivery.online/public_html/user/app/controllers/IndexController.php on line 86
[17-Jul-2023 08:49:29 Etc/UTC] PHP Warning:  Illegal string offset 'username' in /home/manumbuh/domains/tbglivery.online/public_html/user/app/controllers/IndexController.php on line 85
[17-Jul-2023 08:49:29 Etc/UTC] PHP Warning:  Illegal string offset 'password' in /home/manumbuh/domains/tbglivery.online/public_html/user/app/controllers/IndexController.php on line 86
[17-Jul-2023 08:49:33 Etc/UTC] PHP Warning:  Illegal string offset 'username' in /home/manumbuh/domains/tbglivery.online/public_html/user/app/controllers/IndexController.php on line 85
[17-Jul-2023 08:49:33 Etc/UTC] PHP Warning:  Illegal string offset 'password' in /home/manumbuh/domains/tbglivery.online/public_html/user/app/controllers/IndexController.php on line 86
[17-Jul-2023 08:49:36 Etc/UTC] PHP Warning:  Illegal string offset 'username' in /home/manumbuh/domains/tbglivery.online/public_html/user/app/controllers/IndexController.php on line 85
[17-Jul-2023 08:49:36 Etc/UTC] PHP Warning:  Illegal string offset 'password' in /home/manumbuh/domains/tbglivery.online/public_html/user/app/controllers/IndexController.php on line 86
[23-Jul-2023 12:31:58 Etc/UTC] PHP Warning:  Illegal string offset 'username' in /home/manumbuh/domains/tbglivery.online/public_html/user/app/controllers/IndexController.php on line 85
[23-Jul-2023 12:31:58 Etc/UTC] PHP Warning:  Illegal string offset 'password' in /home/manumbuh/domains/tbglivery.online/public_html/user/app/controllers/IndexController.php on line 86
[23-Jul-2023 12:46:14 Etc/UTC] PHP Warning:  Illegal string offset 'username' in /home/manumbuh/domains/tbglivery.online/public_html/user/app/controllers/IndexController.php on line 85
[23-Jul-2023 12:46:14 Etc/UTC] PHP Warning:  Illegal string offset 'password' in /home/manumbuh/domains/tbglivery.online/public_html/user/app/controllers/IndexController.php on line 86
[23-Jul-2023 12:46:32 Etc/UTC] PHP Warning:  Illegal string offset 'username' in /home/manumbuh/domains/tbglivery.online/public_html/user/app/controllers/IndexController.php on line 85
[23-Jul-2023 12:46:32 Etc/UTC] PHP Warning:  Illegal string offset 'password' in /home/manumbuh/domains/tbglivery.online/public_html/user/app/controllers/IndexController.php on line 86
[23-Jul-2023 12:46:58 Etc/UTC] PHP Warning:  Illegal string offset 'username' in /home/manumbuh/domains/tbglivery.online/public_html/user/app/controllers/IndexController.php on line 85
[23-Jul-2023 12:46:58 Etc/UTC] PHP Warning:  Illegal string offset 'password' in /home/manumbuh/domains/tbglivery.online/public_html/user/app/controllers/IndexController.php on line 86
[26-Jul-2023 07:07:25 Etc/UTC] PHP Warning:  Illegal string offset 'username' in /home/manumbuh/domains/tbglivery.online/public_html/user/app/controllers/IndexController.php on line 85
[26-Jul-2023 07:07:25 Etc/UTC] PHP Warning:  Illegal string offset 'password' in /home/manumbuh/domains/tbglivery.online/public_html/user/app/controllers/IndexController.php on line 86
[26-Jul-2023 18:55:56 Etc/UTC] PHP Warning:  Illegal string offset 'username' in /home/manumbuh/domains/tbglivery.online/public_html/user/app/controllers/IndexController.php on line 85
[26-Jul-2023 18:55:56 Etc/UTC] PHP Warning:  Illegal string offset 'password' in /home/manumbuh/domains/tbglivery.online/public_html/user/app/controllers/IndexController.php on line 86
[26-Jul-2023 18:56:23 Etc/UTC] PHP Warning:  Illegal string offset 'username' in /home/manumbuh/domains/tbglivery.online/public_html/user/app/controllers/IndexController.php on line 85
[26-Jul-2023 18:56:23 Etc/UTC] PHP Warning:  Illegal string offset 'password' in /home/manumbuh/domains/tbglivery.online/public_html/user/app/controllers/IndexController.php on line 86
[26-Jul-2023 18:56:53 Etc/UTC] PHP Warning:  Illegal string offset 'username' in /home/manumbuh/domains/tbglivery.online/public_html/user/app/controllers/IndexController.php on line 85
[26-Jul-2023 18:56:53 Etc/UTC] PHP Warning:  Illegal string offset 'password' in /home/manumbuh/domains/tbglivery.online/public_html/user/app/controllers/IndexController.php on line 86
[26-Jul-2023 18:57:41 Etc/UTC] PHP Warning:  Illegal string offset 'username' in /home/manumbuh/domains/tbglivery.online/public_html/user/app/controllers/IndexController.php on line 85
[26-Jul-2023 18:57:41 Etc/UTC] PHP Warning:  Illegal string offset 'password' in /home/manumbuh/domains/tbglivery.online/public_html/user/app/controllers/IndexController.php on line 86
[26-Jul-2023 19:53:22 Etc/UTC] PHP Warning:  Illegal string offset 'username' in /home/manumbuh/domains/tbglivery.online/public_html/user/app/controllers/IndexController.php on line 85
[26-Jul-2023 19:53:22 Etc/UTC] PHP Warning:  Illegal string offset 'password' in /home/manumbuh/domains/tbglivery.online/public_html/user/app/controllers/IndexController.php on line 86
[26-Jul-2023 19:53:34 Etc/UTC] PHP Warning:  Illegal string offset 'username' in /home/manumbuh/domains/tbglivery.online/public_html/user/app/controllers/IndexController.php on line 85
[26-Jul-2023 19:53:34 Etc/UTC] PHP Warning:  Illegal string offset 'password' in /home/manumbuh/domains/tbglivery.online/public_html/user/app/controllers/IndexController.php on line 86
[28-Jul-2023 12:19:03 Etc/UTC] PHP Warning:  Illegal string offset 'username' in /home/manumbuh/domains/tbglivery.online/public_html/user/app/controllers/IndexController.php on line 85
[28-Jul-2023 12:19:03 Etc/UTC] PHP Warning:  Illegal string offset 'password' in /home/manumbuh/domains/tbglivery.online/public_html/user/app/controllers/IndexController.php on line 86
[28-Jul-2023 12:19:32 Etc/UTC] PHP Warning:  Illegal string offset 'username' in /home/manumbuh/domains/tbglivery.online/public_html/user/app/controllers/IndexController.php on line 85
[28-Jul-2023 12:19:32 Etc/UTC] PHP Warning:  Illegal string offset 'password' in /home/manumbuh/domains/tbglivery.online/public_html/user/app/controllers/IndexController.php on line 86
[28-Jul-2023 12:19:44 Etc/UTC] PHP Warning:  Illegal string offset 'username' in /home/manumbuh/domains/tbglivery.online/public_html/user/app/controllers/IndexController.php on line 85
[28-Jul-2023 12:19:44 Etc/UTC] PHP Warning:  Illegal string offset 'password' in /home/manumbuh/domains/tbglivery.online/public_html/user/app/controllers/IndexController.php on line 86
[28-Jul-2023 12:44:30 Etc/UTC] PHP Warning:  Illegal string offset 'username' in /home/manumbuh/domains/tbglivery.online/public_html/user/app/controllers/IndexController.php on line 85
[28-Jul-2023 12:44:30 Etc/UTC] PHP Warning:  Illegal string offset 'password' in /home/manumbuh/domains/tbglivery.online/public_html/user/app/controllers/IndexController.php on line 86
[30-Jul-2023 16:19:32 Etc/UTC] PHP Warning:  Illegal string offset 'username' in /home/manumbuh/domains/tbglivery.online/public_html/user/app/controllers/IndexController.php on line 85
[30-Jul-2023 16:19:32 Etc/UTC] PHP Warning:  Illegal string offset 'password' in /home/manumbuh/domains/tbglivery.online/public_html/user/app/controllers/IndexController.php on line 86
[01-Aug-2023 19:33:03 Etc/UTC] PHP Warning:  Illegal string offset 'username' in /home/manumbuh/domains/tbglivery.online/public_html/user/app/controllers/IndexController.php on line 85
[01-Aug-2023 19:33:03 Etc/UTC] PHP Warning:  Illegal string offset 'password' in /home/manumbuh/domains/tbglivery.online/public_html/user/app/controllers/IndexController.php on line 86
[04-Aug-2023 11:51:21 Etc/UTC] PHP Warning:  Illegal string offset 'username' in /home/manumbuh/domains/tbglivery.online/public_html/user/app/controllers/IndexController.php on line 85
[04-Aug-2023 11:51:21 Etc/UTC] PHP Warning:  Illegal string offset 'password' in /home/manumbuh/domains/tbglivery.online/public_html/user/app/controllers/IndexController.php on line 86
[04-Aug-2023 11:52:24 Etc/UTC] PHP Warning:  Illegal string offset 'username' in /home/manumbuh/domains/tbglivery.online/public_html/user/app/controllers/IndexController.php on line 85
[04-Aug-2023 11:52:24 Etc/UTC] PHP Warning:  Illegal string offset 'password' in /home/manumbuh/domains/tbglivery.online/public_html/user/app/controllers/IndexController.php on line 86
[04-Aug-2023 18:36:07 Etc/UTC] PHP Warning:  Illegal string offset 'username' in /home/manumbuh/domains/tbglivery.online/public_html/user/app/controllers/IndexController.php on line 85
[04-Aug-2023 18:36:07 Etc/UTC] PHP Warning:  Illegal string offset 'password' in /home/manumbuh/domains/tbglivery.online/public_html/user/app/controllers/IndexController.php on line 86
[04-Aug-2023 18:37:12 Etc/UTC] PHP Warning:  Illegal string offset 'username' in /home/manumbuh/domains/tbglivery.online/public_html/user/app/controllers/IndexController.php on line 85
[04-Aug-2023 18:37:12 Etc/UTC] PHP Warning:  Illegal string offset 'password' in /home/manumbuh/domains/tbglivery.online/public_html/user/app/controllers/IndexController.php on line 86
[04-Aug-2023 18:46:56 Etc/UTC] PHP Warning:  Illegal string offset 'username' in /home/manumbuh/domains/tbglivery.online/public_html/user/app/controllers/IndexController.php on line 85
[04-Aug-2023 18:46:56 Etc/UTC] PHP Warning:  Illegal string offset 'password' in /home/manumbuh/domains/tbglivery.online/public_html/user/app/controllers/IndexController.php on line 86
[04-Aug-2023 18:47:28 Etc/UTC] PHP Warning:  Illegal string offset 'username' in /home/manumbuh/domains/tbglivery.online/public_html/user/app/controllers/IndexController.php on line 85
[04-Aug-2023 18:47:28 Etc/UTC] PHP Warning:  Illegal string offset 'password' in /home/manumbuh/domains/tbglivery.online/public_html/user/app/controllers/IndexController.php on line 86
[04-Aug-2023 18:51:30 Etc/UTC] PHP Warning:  Illegal string offset 'username' in /home/manumbuh/domains/tbglivery.online/public_html/user/app/controllers/IndexController.php on line 85
[04-Aug-2023 18:51:30 Etc/UTC] PHP Warning:  Illegal string offset 'password' in /home/manumbuh/domains/tbglivery.online/public_html/user/app/controllers/IndexController.php on line 86
[04-Aug-2023 18:51:56 Etc/UTC] PHP Warning:  Illegal string offset 'username' in /home/manumbuh/domains/tbglivery.online/public_html/user/app/controllers/IndexController.php on line 85
[04-Aug-2023 18:51:56 Etc/UTC] PHP Warning:  Illegal string offset 'password' in /home/manumbuh/domains/tbglivery.online/public_html/user/app/controllers/IndexController.php on line 86
[04-Aug-2023 18:52:18 Etc/UTC] PHP Warning:  Illegal string offset 'username' in /home/manumbuh/domains/tbglivery.online/public_html/user/app/controllers/IndexController.php on line 85
[04-Aug-2023 18:52:18 Etc/UTC] PHP Warning:  Illegal string offset 'password' in /home/manumbuh/domains/tbglivery.online/public_html/user/app/controllers/IndexController.php on line 86
[05-Aug-2023 12:51:48 Etc/UTC] PHP Warning:  Illegal string offset 'username' in /home/manumbuh/domains/tbglivery.online/public_html/user/app/controllers/IndexController.php on line 85
[05-Aug-2023 12:51:48 Etc/UTC] PHP Warning:  Illegal string offset 'password' in /home/manumbuh/domains/tbglivery.online/public_html/user/app/controllers/IndexController.php on line 86
[05-Aug-2023 12:52:11 Etc/UTC] PHP Warning:  Illegal string offset 'username' in /home/manumbuh/domains/tbglivery.online/public_html/user/app/controllers/IndexController.php on line 85
[05-Aug-2023 12:52:11 Etc/UTC] PHP Warning:  Illegal string offset 'password' in /home/manumbuh/domains/tbglivery.online/public_html/user/app/controllers/IndexController.php on line 86
[05-Aug-2023 12:52:31 Etc/UTC] PHP Warning:  Illegal string offset 'username' in /home/manumbuh/domains/tbglivery.online/public_html/user/app/controllers/IndexController.php on line 85
[05-Aug-2023 12:52:31 Etc/UTC] PHP Warning:  Illegal string offset 'password' in /home/manumbuh/domains/tbglivery.online/public_html/user/app/controllers/IndexController.php on line 86
[05-Aug-2023 13:40:50 Etc/UTC] PHP Warning:  Illegal string offset 'username' in /home/manumbuh/domains/tbglivery.online/public_html/user/app/controllers/IndexController.php on line 85
[05-Aug-2023 13:40:50 Etc/UTC] PHP Warning:  Illegal string offset 'password' in /home/manumbuh/domains/tbglivery.online/public_html/user/app/controllers/IndexController.php on line 86
[05-Aug-2023 13:41:14 Etc/UTC] PHP Warning:  Illegal string offset 'username' in /home/manumbuh/domains/tbglivery.online/public_html/user/app/controllers/IndexController.php on line 85
[05-Aug-2023 13:41:14 Etc/UTC] PHP Warning:  Illegal string offset 'password' in /home/manumbuh/domains/tbglivery.online/public_html/user/app/controllers/IndexController.php on line 86
[05-Aug-2023 13:41:32 Etc/UTC] PHP Warning:  Illegal string offset 'username' in /home/manumbuh/domains/tbglivery.online/public_html/user/app/controllers/IndexController.php on line 85
[05-Aug-2023 13:41:32 Etc/UTC] PHP Warning:  Illegal string offset 'password' in /home/manumbuh/domains/tbglivery.online/public_html/user/app/controllers/IndexController.php on line 86
[05-Aug-2023 13:43:10 Etc/UTC] PHP Warning:  Illegal string offset 'username' in /home/manumbuh/domains/tbglivery.online/public_html/user/app/controllers/IndexController.php on line 85
[05-Aug-2023 13:43:10 Etc/UTC] PHP Warning:  Illegal string offset 'password' in /home/manumbuh/domains/tbglivery.online/public_html/user/app/controllers/IndexController.php on line 86
[05-Aug-2023 13:43:14 Etc/UTC] PHP Warning:  Illegal string offset 'username' in /home/manumbuh/domains/tbglivery.online/public_html/user/app/controllers/IndexController.php on line 85
[05-Aug-2023 13:43:14 Etc/UTC] PHP Warning:  Illegal string offset 'password' in /home/manumbuh/domains/tbglivery.online/public_html/user/app/controllers/IndexController.php on line 86
[05-Aug-2023 13:44:17 Etc/UTC] PHP Warning:  Illegal string offset 'username' in /home/manumbuh/domains/tbglivery.online/public_html/user/app/controllers/IndexController.php on line 85
[05-Aug-2023 13:44:17 Etc/UTC] PHP Warning:  Illegal string offset 'password' in /home/manumbuh/domains/tbglivery.online/public_html/user/app/controllers/IndexController.php on line 86
[05-Aug-2023 13:44:30 Etc/UTC] PHP Warning:  Illegal string offset 'username' in /home/manumbuh/domains/tbglivery.online/public_html/user/app/controllers/IndexController.php on line 85
[05-Aug-2023 13:44:30 Etc/UTC] PHP Warning:  Illegal string offset 'password' in /home/manumbuh/domains/tbglivery.online/public_html/user/app/controllers/IndexController.php on line 86
[05-Aug-2023 13:44:47 Etc/UTC] PHP Warning:  Illegal string offset 'username' in /home/manumbuh/domains/tbglivery.online/public_html/user/app/controllers/IndexController.php on line 85
[05-Aug-2023 13:44:47 Etc/UTC] PHP Warning:  Illegal string offset 'password' in /home/manumbuh/domains/tbglivery.online/public_html/user/app/controllers/IndexController.php on line 86
[06-Aug-2023 14:46:24 Etc/UTC] PHP Warning:  Illegal string offset 'username' in /home/manumbuh/domains/tbglivery.online/public_html/user/app/controllers/IndexController.php on line 85
[06-Aug-2023 14:46:24 Etc/UTC] PHP Warning:  Illegal string offset 'password' in /home/manumbuh/domains/tbglivery.online/public_html/user/app/controllers/IndexController.php on line 86
[06-Aug-2023 14:46:42 Etc/UTC] PHP Warning:  Illegal string offset 'username' in /home/manumbuh/domains/tbglivery.online/public_html/user/app/controllers/IndexController.php on line 85
[06-Aug-2023 14:46:42 Etc/UTC] PHP Warning:  Illegal string offset 'password' in /home/manumbuh/domains/tbglivery.online/public_html/user/app/controllers/IndexController.php on line 86
[06-Aug-2023 14:47:02 Etc/UTC] PHP Warning:  Illegal string offset 'username' in /home/manumbuh/domains/tbglivery.online/public_html/user/app/controllers/IndexController.php on line 85
[06-Aug-2023 14:47:02 Etc/UTC] PHP Warning:  Illegal string offset 'password' in /home/manumbuh/domains/tbglivery.online/public_html/user/app/controllers/IndexController.php on line 86
[06-Aug-2023 14:47:26 Etc/UTC] PHP Warning:  Illegal string offset 'username' in /home/manumbuh/domains/tbglivery.online/public_html/user/app/controllers/IndexController.php on line 85
[06-Aug-2023 14:47:26 Etc/UTC] PHP Warning:  Illegal string offset 'password' in /home/manumbuh/domains/tbglivery.online/public_html/user/app/controllers/IndexController.php on line 86
[08-Aug-2023 13:37:04 Etc/UTC] PHP Warning:  Illegal string offset 'username' in /home/manumbuh/domains/tbglivery.online/public_html/user/app/controllers/IndexController.php on line 85
[08-Aug-2023 13:37:04 Etc/UTC] PHP Warning:  Illegal string offset 'password' in /home/manumbuh/domains/tbglivery.online/public_html/user/app/controllers/IndexController.php on line 86
[08-Aug-2023 14:08:42 Etc/UTC] PHP Warning:  Illegal string offset 'username' in /home/manumbuh/domains/tbglivery.online/public_html/user/app/controllers/IndexController.php on line 85
[08-Aug-2023 14:08:42 Etc/UTC] PHP Warning:  Illegal string offset 'password' in /home/manumbuh/domains/tbglivery.online/public_html/user/app/controllers/IndexController.php on line 86
[10-Aug-2023 10:20:47 Etc/UTC] PHP Warning:  Illegal string offset 'username' in /home/manumbuh/domains/tbglivery.online/public_html/user/app/controllers/IndexController.php on line 85
[10-Aug-2023 10:20:47 Etc/UTC] PHP Warning:  Illegal string offset 'password' in /home/manumbuh/domains/tbglivery.online/public_html/user/app/controllers/IndexController.php on line 86
[18-Aug-2023 10:23:46 Etc/UTC] PHP Warning:  Illegal string offset 'username' in /home/manumbuh/domains/tbglivery.online/public_html/user/app/controllers/IndexController.php on line 85
[18-Aug-2023 10:23:46 Etc/UTC] PHP Warning:  Illegal string offset 'password' in /home/manumbuh/domains/tbglivery.online/public_html/user/app/controllers/IndexController.php on line 86
[18-Aug-2023 10:24:21 Etc/UTC] PHP Warning:  Illegal string offset 'username' in /home/manumbuh/domains/tbglivery.online/public_html/user/app/controllers/IndexController.php on line 85
[18-Aug-2023 10:24:21 Etc/UTC] PHP Warning:  Illegal string offset 'password' in /home/manumbuh/domains/tbglivery.online/public_html/user/app/controllers/IndexController.php on line 86
[18-Aug-2023 10:24:47 Etc/UTC] PHP Warning:  Illegal string offset 'username' in /home/manumbuh/domains/tbglivery.online/public_html/user/app/controllers/IndexController.php on line 85
[18-Aug-2023 10:24:47 Etc/UTC] PHP Warning:  Illegal string offset 'password' in /home/manumbuh/domains/tbglivery.online/public_html/user/app/controllers/IndexController.php on line 86
[18-Aug-2023 10:26:13 Etc/UTC] PHP Warning:  Illegal string offset 'username' in /home/manumbuh/domains/tbglivery.online/public_html/user/app/controllers/IndexController.php on line 85
[18-Aug-2023 10:26:13 Etc/UTC] PHP Warning:  Illegal string offset 'password' in /home/manumbuh/domains/tbglivery.online/public_html/user/app/controllers/IndexController.php on line 86
[18-Aug-2023 10:30:26 Etc/UTC] PHP Warning:  Illegal string offset 'username' in /home/manumbuh/domains/tbglivery.online/public_html/user/app/controllers/IndexController.php on line 85
[18-Aug-2023 10:30:26 Etc/UTC] PHP Warning:  Illegal string offset 'password' in /home/manumbuh/domains/tbglivery.online/public_html/user/app/controllers/IndexController.php on line 86
[18-Aug-2023 10:31:03 Etc/UTC] PHP Warning:  Illegal string offset 'username' in /home/manumbuh/domains/tbglivery.online/public_html/user/app/controllers/IndexController.php on line 85
[18-Aug-2023 10:31:03 Etc/UTC] PHP Warning:  Illegal string offset 'password' in /home/manumbuh/domains/tbglivery.online/public_html/user/app/controllers/IndexController.php on line 86
[18-Aug-2023 10:31:32 Etc/UTC] PHP Warning:  Illegal string offset 'username' in /home/manumbuh/domains/tbglivery.online/public_html/user/app/controllers/IndexController.php on line 85
[18-Aug-2023 10:31:32 Etc/UTC] PHP Warning:  Illegal string offset 'password' in /home/manumbuh/domains/tbglivery.online/public_html/user/app/controllers/IndexController.php on line 86
[24-Aug-2023 09:15:49 Etc/UTC] PHP Warning:  Illegal string offset 'username' in /home/manumbuh/domains/tbglivery.online/public_html/user/app/controllers/IndexController.php on line 85
[24-Aug-2023 09:15:49 Etc/UTC] PHP Warning:  Illegal string offset 'password' in /home/manumbuh/domains/tbglivery.online/public_html/user/app/controllers/IndexController.php on line 86
[27-Aug-2023 16:36:50 Etc/UTC] PHP Warning:  Illegal string offset 'username' in /home/manumbuh/domains/tbglivery.online/public_html/user/app/controllers/IndexController.php on line 85
[27-Aug-2023 16:36:50 Etc/UTC] PHP Warning:  Illegal string offset 'password' in /home/manumbuh/domains/tbglivery.online/public_html/user/app/controllers/IndexController.php on line 86
[27-Aug-2023 16:37:30 Etc/UTC] PHP Warning:  Illegal string offset 'username' in /home/manumbuh/domains/tbglivery.online/public_html/user/app/controllers/IndexController.php on line 85
[27-Aug-2023 16:37:30 Etc/UTC] PHP Warning:  Illegal string offset 'password' in /home/manumbuh/domains/tbglivery.online/public_html/user/app/controllers/IndexController.php on line 86
[30-Aug-2023 07:31:28 Etc/UTC] PHP Warning:  Illegal string offset 'username' in /home/manumbuh/domains/tbglivery.online/public_html/user/app/controllers/IndexController.php on line 85
[30-Aug-2023 07:31:28 Etc/UTC] PHP Warning:  Illegal string offset 'password' in /home/manumbuh/domains/tbglivery.online/public_html/user/app/controllers/IndexController.php on line 86
[30-Aug-2023 07:31:56 Etc/UTC] PHP Warning:  Illegal string offset 'username' in /home/manumbuh/domains/tbglivery.online/public_html/user/app/controllers/IndexController.php on line 85
[30-Aug-2023 07:31:56 Etc/UTC] PHP Warning:  Illegal string offset 'password' in /home/manumbuh/domains/tbglivery.online/public_html/user/app/controllers/IndexController.php on line 86
[30-Aug-2023 07:33:41 Etc/UTC] PHP Warning:  Illegal string offset 'username' in /home/manumbuh/domains/tbglivery.online/public_html/user/app/controllers/IndexController.php on line 85
[30-Aug-2023 07:33:41 Etc/UTC] PHP Warning:  Illegal string offset 'password' in /home/manumbuh/domains/tbglivery.online/public_html/user/app/controllers/IndexController.php on line 86
[30-Aug-2023 07:34:25 Etc/UTC] PHP Warning:  Illegal string offset 'username' in /home/manumbuh/domains/tbglivery.online/public_html/user/app/controllers/IndexController.php on line 85
[30-Aug-2023 07:34:25 Etc/UTC] PHP Warning:  Illegal string offset 'password' in /home/manumbuh/domains/tbglivery.online/public_html/user/app/controllers/IndexController.php on line 86
[30-Aug-2023 07:35:15 Etc/UTC] PHP Warning:  Illegal string offset 'username' in /home/manumbuh/domains/tbglivery.online/public_html/user/app/controllers/IndexController.php on line 85
[30-Aug-2023 07:35:15 Etc/UTC] PHP Warning:  Illegal string offset 'password' in /home/manumbuh/domains/tbglivery.online/public_html/user/app/controllers/IndexController.php on line 86
[30-Aug-2023 07:37:02 Etc/UTC] PHP Warning:  Illegal string offset 'username' in /home/manumbuh/domains/tbglivery.online/public_html/user/app/controllers/IndexController.php on line 85
[30-Aug-2023 07:37:02 Etc/UTC] PHP Warning:  Illegal string offset 'password' in /home/manumbuh/domains/tbglivery.online/public_html/user/app/controllers/IndexController.php on line 86
[30-Aug-2023 07:37:10 Etc/UTC] PHP Warning:  Illegal string offset 'username' in /home/manumbuh/domains/tbglivery.online/public_html/user/app/controllers/IndexController.php on line 85
[30-Aug-2023 07:37:10 Etc/UTC] PHP Warning:  Illegal string offset 'password' in /home/manumbuh/domains/tbglivery.online/public_html/user/app/controllers/IndexController.php on line 86
[03-Sep-2023 12:59:08 Etc/UTC] PHP Warning:  Illegal string offset 'username' in /home/manumbuh/domains/tbglivery.online/public_html/user/app/controllers/IndexController.php on line 85
[03-Sep-2023 12:59:08 Etc/UTC] PHP Warning:  Illegal string offset 'password' in /home/manumbuh/domains/tbglivery.online/public_html/user/app/controllers/IndexController.php on line 86
[03-Sep-2023 13:00:38 Etc/UTC] PHP Warning:  Illegal string offset 'username' in /home/manumbuh/domains/tbglivery.online/public_html/user/app/controllers/IndexController.php on line 85
[03-Sep-2023 13:00:38 Etc/UTC] PHP Warning:  Illegal string offset 'password' in /home/manumbuh/domains/tbglivery.online/public_html/user/app/controllers/IndexController.php on line 86
[03-Sep-2023 13:01:22 Etc/UTC] PHP Warning:  Illegal string offset 'username' in /home/manumbuh/domains/tbglivery.online/public_html/user/app/controllers/IndexController.php on line 85
[03-Sep-2023 13:01:22 Etc/UTC] PHP Warning:  Illegal string offset 'password' in /home/manumbuh/domains/tbglivery.online/public_html/user/app/controllers/IndexController.php on line 86
[05-Sep-2023 14:32:43 Etc/UTC] PHP Warning:  Illegal string offset 'username' in /home/manumbuh/domains/tbglivery.online/public_html/user/app/controllers/IndexController.php on line 85
[05-Sep-2023 14:32:43 Etc/UTC] PHP Warning:  Illegal string offset 'password' in /home/manumbuh/domains/tbglivery.online/public_html/user/app/controllers/IndexController.php on line 86
[05-Sep-2023 14:33:38 Etc/UTC] PHP Warning:  Illegal string offset 'username' in /home/manumbuh/domains/tbglivery.online/public_html/user/app/controllers/IndexController.php on line 85
[05-Sep-2023 14:33:38 Etc/UTC] PHP Warning:  Illegal string offset 'password' in /home/manumbuh/domains/tbglivery.online/public_html/user/app/controllers/IndexController.php on line 86
[05-Sep-2023 14:34:21 Etc/UTC] PHP Warning:  Illegal string offset 'username' in /home/manumbuh/domains/tbglivery.online/public_html/user/app/controllers/IndexController.php on line 85
[05-Sep-2023 14:34:21 Etc/UTC] PHP Warning:  Illegal string offset 'password' in /home/manumbuh/domains/tbglivery.online/public_html/user/app/controllers/IndexController.php on line 86
[05-Sep-2023 18:33:15 Etc/UTC] PHP Warning:  Illegal string offset 'username' in /home/manumbuh/domains/tbglivery.online/public_html/user/app/controllers/IndexController.php on line 85
[05-Sep-2023 18:33:15 Etc/UTC] PHP Warning:  Illegal string offset 'password' in /home/manumbuh/domains/tbglivery.online/public_html/user/app/controllers/IndexController.php on line 86
[05-Sep-2023 18:33:51 Etc/UTC] PHP Warning:  Illegal string offset 'username' in /home/manumbuh/domains/tbglivery.online/public_html/user/app/controllers/IndexController.php on line 85
[05-Sep-2023 18:33:51 Etc/UTC] PHP Warning:  Illegal string offset 'password' in /home/manumbuh/domains/tbglivery.online/public_html/user/app/controllers/IndexController.php on line 86
[05-Sep-2023 18:34:12 Etc/UTC] PHP Warning:  Illegal string offset 'username' in /home/manumbuh/domains/tbglivery.online/public_html/user/app/controllers/IndexController.php on line 85
[05-Sep-2023 18:34:12 Etc/UTC] PHP Warning:  Illegal string offset 'password' in /home/manumbuh/domains/tbglivery.online/public_html/user/app/controllers/IndexController.php on line 86
[05-Sep-2023 18:36:12 Etc/UTC] PHP Warning:  Illegal string offset 'username' in /home/manumbuh/domains/tbglivery.online/public_html/user/app/controllers/IndexController.php on line 85
[05-Sep-2023 18:36:12 Etc/UTC] PHP Warning:  Illegal string offset 'password' in /home/manumbuh/domains/tbglivery.online/public_html/user/app/controllers/IndexController.php on line 86
[07-Sep-2023 06:17:45 Etc/UTC] PHP Warning:  Illegal string offset 'username' in /home/manumbuh/domains/tbglivery.online/public_html/user/app/controllers/IndexController.php on line 85
[07-Sep-2023 06:17:45 Etc/UTC] PHP Warning:  Illegal string offset 'password' in /home/manumbuh/domains/tbglivery.online/public_html/user/app/controllers/IndexController.php on line 86
[07-Sep-2023 09:45:03 Etc/UTC] PHP Warning:  Illegal string offset 'username' in /home/manumbuh/domains/tbglivery.online/public_html/user/app/controllers/IndexController.php on line 85
[07-Sep-2023 09:45:03 Etc/UTC] PHP Warning:  Illegal string offset 'password' in /home/manumbuh/domains/tbglivery.online/public_html/user/app/controllers/IndexController.php on line 86
[07-Sep-2023 09:45:35 Etc/UTC] PHP Warning:  Illegal string offset 'username' in /home/manumbuh/domains/tbglivery.online/public_html/user/app/controllers/IndexController.php on line 85
[07-Sep-2023 09:45:35 Etc/UTC] PHP Warning:  Illegal string offset 'password' in /home/manumbuh/domains/tbglivery.online/public_html/user/app/controllers/IndexController.php on line 86
[07-Sep-2023 09:45:50 Etc/UTC] PHP Warning:  Illegal string offset 'username' in /home/manumbuh/domains/tbglivery.online/public_html/user/app/controllers/IndexController.php on line 85
[07-Sep-2023 09:45:50 Etc/UTC] PHP Warning:  Illegal string offset 'password' in /home/manumbuh/domains/tbglivery.online/public_html/user/app/controllers/IndexController.php on line 86
[07-Sep-2023 14:02:51 Etc/UTC] PHP Warning:  Illegal string offset 'username' in /home/manumbuh/domains/tbglivery.online/public_html/user/app/controllers/IndexController.php on line 85
[07-Sep-2023 14:02:51 Etc/UTC] PHP Warning:  Illegal string offset 'password' in /home/manumbuh/domains/tbglivery.online/public_html/user/app/controllers/IndexController.php on line 86
[08-Sep-2023 16:22:05 Etc/UTC] PHP Warning:  Illegal string offset 'username' in /home/manumbuh/domains/tbglivery.online/public_html/user/app/controllers/IndexController.php on line 85
[08-Sep-2023 16:22:05 Etc/UTC] PHP Warning:  Illegal string offset 'password' in /home/manumbuh/domains/tbglivery.online/public_html/user/app/controllers/IndexController.php on line 86
[09-Sep-2023 10:33:27 Etc/UTC] PHP Warning:  Illegal string offset 'username' in /home/manumbuh/domains/tbglivery.online/public_html/user/app/controllers/IndexController.php on line 85
[09-Sep-2023 10:33:27 Etc/UTC] PHP Warning:  Illegal string offset 'password' in /home/manumbuh/domains/tbglivery.online/public_html/user/app/controllers/IndexController.php on line 86
[09-Sep-2023 16:23:35 Etc/UTC] PHP Warning:  Illegal string offset 'username' in /home/manumbuh/domains/tbglivery.online/public_html/user/app/controllers/IndexController.php on line 85
[09-Sep-2023 16:23:35 Etc/UTC] PHP Warning:  Illegal string offset 'password' in /home/manumbuh/domains/tbglivery.online/public_html/user/app/controllers/IndexController.php on line 86
[10-Sep-2023 15:11:43 Etc/UTC] PHP Warning:  Illegal string offset 'username' in /home/manumbuh/domains/tbglivery.online/public_html/user/app/controllers/IndexController.php on line 85
[10-Sep-2023 15:11:43 Etc/UTC] PHP Warning:  Illegal string offset 'password' in /home/manumbuh/domains/tbglivery.online/public_html/user/app/controllers/IndexController.php on line 86
